This is pdfTeX, Version 3.14159265-2.6-1.40.19 (MiKTeX 2.9.6630 64-bit) (preloaded format=pdflatex 2018.7.11)  15 OCT 2018 23:51
entering extended mode
**./MA.tex
(MA.tex
LaTeX2e <2017-04-15>
Babel <3.18> and hyphenation patterns for 75 language(s) loaded.
("C:\Program Files\MiKTeX 2.9\tex\latex\koma-script\scrreprt.cls"
Document Class: scrreprt 2018/03/30 v3.25 KOMA-Script document class (report)
("C:\Program Files\MiKTeX 2.9\tex\latex\koma-script\scrkbase.sty"
Package: scrkbase 2018/03/30 v3.25 KOMA-Script package (KOMA-Script-dependent b
asics and keyval usage)

("C:\Program Files\MiKTeX 2.9\tex\latex\koma-script\scrbase.sty"
Package: scrbase 2018/03/30 v3.25 KOMA-Script package (KOMA-Script-independent 
basics and keyval usage)

("C:\Program Files\MiKTeX 2.9\tex\latex\graphics\keyval.sty"
Package: keyval 2014/10/28 v1.15 key=value parser (DPC)
\KV@toks@=\toks14
)
("C:\Program Files\MiKTeX 2.9\tex\latex\koma-script\scrlfile.sty"
Package: scrlfile 2018/03/30 v3.25 KOMA-Script package (loading files)
)))
("C:\Program Files\MiKTeX 2.9\tex\latex\koma-script\tocbasic.sty"
Package: tocbasic 2018/03/30 v3.25 KOMA-Script package (handling toc-files)
\scr@dte@tocline@numberwidth=\skip41
\scr@dte@tocline@numbox=\box26
)
Package tocbasic Info: omitting babel extension for `toc'
(tocbasic)             because of feature `nobabel' available
(tocbasic)             for `toc' on input line 136.
Package tocbasic Info: defining new hook before heading of `' on input line 166
7.

("C:\Program Files\MiKTeX 2.9\tex\latex\base\fleqn.clo"
File: fleqn.clo 2016/12/29 v1.2a Standard LaTeX option (flush left equations)
\mathindent=\dimen102
Applying: [2015/01/01] Make \[ robust on input line 50.
LaTeX Info: Redefining \[ on input line 51.
Already applied: [0000/00/00] Make \[ robust on input line 62.
Applying: [2015/01/01] Make \] robust on input line 74.
LaTeX Info: Redefining \] on input line 75.
Already applied: [0000/00/00] Make \] robust on input line 83.
)
Class scrreprt Info: Switching compatibility level to `3.03'.
Class scrreprt Info: File `scrsize12pt.clo' used to setup font sizes on input l
ine 2328.

("C:\Program Files\MiKTeX 2.9\tex\latex\koma-script\scrsize12pt.clo"
File: scrsize12pt.clo 2018/03/30 v3.25 KOMA-Script font size class option (12pt
)
)
("C:\Program Files\MiKTeX 2.9\tex\latex\koma-script\typearea.sty"
Package: typearea 2018/03/30 v3.25 KOMA-Script package (type area)
\ta@bcor=\skip42
\ta@div=\count79
Package typearea Info: Switching compatibility level to `3.03'.
\ta@hblk=\skip43
\ta@vblk=\skip44
\ta@temp=\skip45
\footheight=\skip46
Package typearea Info: These are the values describing the layout:
(typearea)             DIV  = 12
(typearea)             BCOR = 28.45274pt
(typearea)             \paperwidth      = 597.50793pt
(typearea)              \textwidth      = 426.7914pt
(typearea)              DIV departure   = -1%
(typearea)              \evensidemargin = 22.57254pt
(typearea)              \oddsidemargin  = 3.60402pt
(typearea)             \paperheight     = 845.04694pt
(typearea)              \textheight     = 635.5pt
(typearea)              \topmargin      = -41.72441pt
(typearea)              \headheight     = 18.125pt
(typearea)              \headsep        = 21.75pt
(typearea)              \topskip        = 12.0pt
(typearea)              \footskip       = 50.75pt
(typearea)              \baselineskip   = 14.5pt
(typearea)              on input line 1706.
)
\c@part=\count80
\c@chapter=\count81
\c@section=\count82
\c@subsection=\count83
\c@subsubsection=\count84
\c@paragraph=\count85
\c@subparagraph=\count86
\scr@dte@part@maxnumwidth=\skip47
\scr@dte@chapter@maxnumwidth=\skip48
\scr@dte@section@maxnumwidth=\skip49
\scr@dte@subsection@maxnumwidth=\skip50
\scr@dte@subsubsection@maxnumwidth=\skip51
\scr@dte@paragraph@maxnumwidth=\skip52
\scr@dte@subparagraph@maxnumwidth=\skip53
\abovecaptionskip=\skip54
\belowcaptionskip=\skip55
\c@pti@nb@sid@b@x=\box27
\scr@dte@figure@maxnumwidth=\skip56
Package tocbasic Info: omitting babel extension for `lof'
(tocbasic)             because of feature `nobabel' available
(tocbasic)             for `lof' on input line 6247.
\c@figure=\count87
\scr@dte@table@maxnumwidth=\skip57
Package tocbasic Info: omitting babel extension for `lot'
(tocbasic)             because of feature `nobabel' available
(tocbasic)             for `lot' on input line 6264.
\c@table=\count88
Class scrreprt Info: Using old \@makefntext due to compatibility level
(scrreprt)           less than 3.22 on input line 6420.
Class scrreprt Info: Redefining `\numberline' on input line 6433.
\bibindent=\dimen103
)
("C:\Program Files\MiKTeX 2.9\tex\latex\base\inputenc.sty"
Package: inputenc 2015/03/17 v1.2c Input encoding file
\inpenc@prehook=\toks15
\inpenc@posthook=\toks16

("C:\Program Files\MiKTeX 2.9\tex\latex\base\utf8.def"
File: utf8.def 2017/01/28 v1.1t UTF-8 support for inputenc
Now handling font encoding OML ...
... no UTF-8 mapping file for font encoding OML
Now handling font encoding T1 ...
... processing UTF-8 mapping file for font encoding T1

("C:\Program Files\MiKTeX 2.9\tex\latex\base\t1enc.dfu"
File: t1enc.dfu 2017/01/28 v1.1t UTF-8 support for inputenc
   defining Unicode char U+00A0 (decimal 160)
   defining Unicode char U+00A1 (decimal 161)
   defining Unicode char U+00A3 (decimal 163)
   defining Unicode char U+00AB (decimal 171)
   defining Unicode char U+00AD (decimal 173)
   defining Unicode char U+00BB (decimal 187)
   defining Unicode char U+00BF (decimal 191)
   defining Unicode char U+00C0 (decimal 192)
   defining Unicode char U+00C1 (decimal 193)
   defining Unicode char U+00C2 (decimal 194)
   defining Unicode char U+00C3 (decimal 195)
   defining Unicode char U+00C4 (decimal 196)
   defining Unicode char U+00C5 (decimal 197)
   defining Unicode char U+00C6 (decimal 198)
   defining Unicode char U+00C7 (decimal 199)
   defining Unicode char U+00C8 (decimal 200)
   defining Unicode char U+00C9 (decimal 201)
   defining Unicode char U+00CA (decimal 202)
   defining Unicode char U+00CB (decimal 203)
   defining Unicode char U+00CC (decimal 204)
   defining Unicode char U+00CD (decimal 205)
   defining Unicode char U+00CE (decimal 206)
   defining Unicode char U+00CF (decimal 207)
   defining Unicode char U+00D0 (decimal 208)
   defining Unicode char U+00D1 (decimal 209)
   defining Unicode char U+00D2 (decimal 210)
   defining Unicode char U+00D3 (decimal 211)
   defining Unicode char U+00D4 (decimal 212)
   defining Unicode char U+00D5 (decimal 213)
   defining Unicode char U+00D6 (decimal 214)
   defining Unicode char U+00D8 (decimal 216)
   defining Unicode char U+00D9 (decimal 217)
   defining Unicode char U+00DA (decimal 218)
   defining Unicode char U+00DB (decimal 219)
   defining Unicode char U+00DC (decimal 220)
   defining Unicode char U+00DD (decimal 221)
   defining Unicode char U+00DE (decimal 222)
   defining Unicode char U+00DF (decimal 223)
   defining Unicode char U+00E0 (decimal 224)
   defining Unicode char U+00E1 (decimal 225)
   defining Unicode char U+00E2 (decimal 226)
   defining Unicode char U+00E3 (decimal 227)
   defining Unicode char U+00E4 (decimal 228)
   defining Unicode char U+00E5 (decimal 229)
   defining Unicode char U+00E6 (decimal 230)
   defining Unicode char U+00E7 (decimal 231)
   defining Unicode char U+00E8 (decimal 232)
   defining Unicode char U+00E9 (decimal 233)
   defining Unicode char U+00EA (decimal 234)
   defining Unicode char U+00EB (decimal 235)
   defining Unicode char U+00EC (decimal 236)
   defining Unicode char U+00ED (decimal 237)
   defining Unicode char U+00EE (decimal 238)
   defining Unicode char U+00EF (decimal 239)
   defining Unicode char U+00F0 (decimal 240)
   defining Unicode char U+00F1 (decimal 241)
   defining Unicode char U+00F2 (decimal 242)
   defining Unicode char U+00F3 (decimal 243)
   defining Unicode char U+00F4 (decimal 244)
   defining Unicode char U+00F5 (decimal 245)
   defining Unicode char U+00F6 (decimal 246)
   defining Unicode char U+00F8 (decimal 248)
   defining Unicode char U+00F9 (decimal 249)
   defining Unicode char U+00FA (decimal 250)
   defining Unicode char U+00FB (decimal 251)
   defining Unicode char U+00FC (decimal 252)
   defining Unicode char U+00FD (decimal 253)
   defining Unicode char U+00FE (decimal 254)
   defining Unicode char U+00FF (decimal 255)
   defining Unicode char U+0100 (decimal 256)
   defining Unicode char U+0101 (decimal 257)
   defining Unicode char U+0102 (decimal 258)
   defining Unicode char U+0103 (decimal 259)
   defining Unicode char U+0104 (decimal 260)
   defining Unicode char U+0105 (decimal 261)
   defining Unicode char U+0106 (decimal 262)
   defining Unicode char U+0107 (decimal 263)
   defining Unicode char U+0108 (decimal 264)
   defining Unicode char U+0109 (decimal 265)
   defining Unicode char U+010A (decimal 266)
   defining Unicode char U+010B (decimal 267)
   defining Unicode char U+010C (decimal 268)
   defining Unicode char U+010D (decimal 269)
   defining Unicode char U+010E (decimal 270)
   defining Unicode char U+010F (decimal 271)
   defining Unicode char U+0110 (decimal 272)
   defining Unicode char U+0111 (decimal 273)
   defining Unicode char U+0112 (decimal 274)
   defining Unicode char U+0113 (decimal 275)
   defining Unicode char U+0114 (decimal 276)
   defining Unicode char U+0115 (decimal 277)
   defining Unicode char U+0116 (decimal 278)
   defining Unicode char U+0117 (decimal 279)
   defining Unicode char U+0118 (decimal 280)
   defining Unicode char U+0119 (decimal 281)
   defining Unicode char U+011A (decimal 282)
   defining Unicode char U+011B (decimal 283)
   defining Unicode char U+011C (decimal 284)
   defining Unicode char U+011D (decimal 285)
   defining Unicode char U+011E (decimal 286)
   defining Unicode char U+011F (decimal 287)
   defining Unicode char U+0120 (decimal 288)
   defining Unicode char U+0121 (decimal 289)
   defining Unicode char U+0122 (decimal 290)
   defining Unicode char U+0123 (decimal 291)
   defining Unicode char U+0124 (decimal 292)
   defining Unicode char U+0125 (decimal 293)
   defining Unicode char U+0128 (decimal 296)
   defining Unicode char U+0129 (decimal 297)
   defining Unicode char U+012A (decimal 298)
   defining Unicode char U+012B (decimal 299)
   defining Unicode char U+012C (decimal 300)
   defining Unicode char U+012D (decimal 301)
   defining Unicode char U+012E (decimal 302)
   defining Unicode char U+012F (decimal 303)
   defining Unicode char U+0130 (decimal 304)
   defining Unicode char U+0131 (decimal 305)
   defining Unicode char U+0132 (decimal 306)
   defining Unicode char U+0133 (decimal 307)
   defining Unicode char U+0134 (decimal 308)
   defining Unicode char U+0135 (decimal 309)
   defining Unicode char U+0136 (decimal 310)
   defining Unicode char U+0137 (decimal 311)
   defining Unicode char U+0139 (decimal 313)
   defining Unicode char U+013A (decimal 314)
   defining Unicode char U+013B (decimal 315)
   defining Unicode char U+013C (decimal 316)
   defining Unicode char U+013D (decimal 317)
   defining Unicode char U+013E (decimal 318)
   defining Unicode char U+0141 (decimal 321)
   defining Unicode char U+0142 (decimal 322)
   defining Unicode char U+0143 (decimal 323)
   defining Unicode char U+0144 (decimal 324)
   defining Unicode char U+0145 (decimal 325)
   defining Unicode char U+0146 (decimal 326)
   defining Unicode char U+0147 (decimal 327)
   defining Unicode char U+0148 (decimal 328)
   defining Unicode char U+014A (decimal 330)
   defining Unicode char U+014B (decimal 331)
   defining Unicode char U+014C (decimal 332)
   defining Unicode char U+014D (decimal 333)
   defining Unicode char U+014E (decimal 334)
   defining Unicode char U+014F (decimal 335)
   defining Unicode char U+0150 (decimal 336)
   defining Unicode char U+0151 (decimal 337)
   defining Unicode char U+0152 (decimal 338)
   defining Unicode char U+0153 (decimal 339)
   defining Unicode char U+0154 (decimal 340)
   defining Unicode char U+0155 (decimal 341)
   defining Unicode char U+0156 (decimal 342)
   defining Unicode char U+0157 (decimal 343)
   defining Unicode char U+0158 (decimal 344)
   defining Unicode char U+0159 (decimal 345)
   defining Unicode char U+015A (decimal 346)
   defining Unicode char U+015B (decimal 347)
   defining Unicode char U+015C (decimal 348)
   defining Unicode char U+015D (decimal 349)
   defining Unicode char U+015E (decimal 350)
   defining Unicode char U+015F (decimal 351)
   defining Unicode char U+0160 (decimal 352)
   defining Unicode char U+0161 (decimal 353)
   defining Unicode char U+0162 (decimal 354)
   defining Unicode char U+0163 (decimal 355)
   defining Unicode char U+0164 (decimal 356)
   defining Unicode char U+0165 (decimal 357)
   defining Unicode char U+0168 (decimal 360)
   defining Unicode char U+0169 (decimal 361)
   defining Unicode char U+016A (decimal 362)
   defining Unicode char U+016B (decimal 363)
   defining Unicode char U+016C (decimal 364)
   defining Unicode char U+016D (decimal 365)
   defining Unicode char U+016E (decimal 366)
   defining Unicode char U+016F (decimal 367)
   defining Unicode char U+0170 (decimal 368)
   defining Unicode char U+0171 (decimal 369)
   defining Unicode char U+0172 (decimal 370)
   defining Unicode char U+0173 (decimal 371)
   defining Unicode char U+0174 (decimal 372)
   defining Unicode char U+0175 (decimal 373)
   defining Unicode char U+0176 (decimal 374)
   defining Unicode char U+0177 (decimal 375)
   defining Unicode char U+0178 (decimal 376)
   defining Unicode char U+0179 (decimal 377)
   defining Unicode char U+017A (decimal 378)
   defining Unicode char U+017B (decimal 379)
   defining Unicode char U+017C (decimal 380)
   defining Unicode char U+017D (decimal 381)
   defining Unicode char U+017E (decimal 382)
   defining Unicode char U+01CD (decimal 461)
   defining Unicode char U+01CE (decimal 462)
   defining Unicode char U+01CF (decimal 463)
   defining Unicode char U+01D0 (decimal 464)
   defining Unicode char U+01D1 (decimal 465)
   defining Unicode char U+01D2 (decimal 466)
   defining Unicode char U+01D3 (decimal 467)
   defining Unicode char U+01D4 (decimal 468)
   defining Unicode char U+01E2 (decimal 482)
   defining Unicode char U+01E3 (decimal 483)
   defining Unicode char U+01E6 (decimal 486)
   defining Unicode char U+01E7 (decimal 487)
   defining Unicode char U+01E8 (decimal 488)
   defining Unicode char U+01E9 (decimal 489)
   defining Unicode char U+01EA (decimal 490)
   defining Unicode char U+01EB (decimal 491)
   defining Unicode char U+01F0 (decimal 496)
   defining Unicode char U+01F4 (decimal 500)
   defining Unicode char U+01F5 (decimal 501)
   defining Unicode char U+0218 (decimal 536)
   defining Unicode char U+0219 (decimal 537)
   defining Unicode char U+021A (decimal 538)
   defining Unicode char U+021B (decimal 539)
   defining Unicode char U+0232 (decimal 562)
   defining Unicode char U+0233 (decimal 563)
   defining Unicode char U+1E02 (decimal 7682)
   defining Unicode char U+1E03 (decimal 7683)
   defining Unicode char U+200C (decimal 8204)
   defining Unicode char U+2010 (decimal 8208)
   defining Unicode char U+2011 (decimal 8209)
   defining Unicode char U+2012 (decimal 8210)
   defining Unicode char U+2013 (decimal 8211)
   defining Unicode char U+2014 (decimal 8212)
   defining Unicode char U+2015 (decimal 8213)
   defining Unicode char U+2018 (decimal 8216)
   defining Unicode char U+2019 (decimal 8217)
   defining Unicode char U+201A (decimal 8218)
   defining Unicode char U+201C (decimal 8220)
   defining Unicode char U+201D (decimal 8221)
   defining Unicode char U+201E (decimal 8222)
   defining Unicode char U+2030 (decimal 8240)
   defining Unicode char U+2031 (decimal 8241)
   defining Unicode char U+2039 (decimal 8249)
   defining Unicode char U+203A (decimal 8250)
   defining Unicode char U+2423 (decimal 9251)
   defining Unicode char U+1E20 (decimal 7712)
   defining Unicode char U+1E21 (decimal 7713)
)
Now handling font encoding OT1 ...
... processing UTF-8 mapping file for font encoding OT1

("C:\Program Files\MiKTeX 2.9\tex\latex\base\ot1enc.dfu"
File: ot1enc.dfu 2017/01/28 v1.1t UTF-8 support for inputenc
   defining Unicode char U+00A0 (decimal 160)
   defining Unicode char U+00A1 (decimal 161)
   defining Unicode char U+00A3 (decimal 163)
   defining Unicode char U+00AD (decimal 173)
   defining Unicode char U+00B8 (decimal 184)
   defining Unicode char U+00BF (decimal 191)
   defining Unicode char U+00C5 (decimal 197)
   defining Unicode char U+00C6 (decimal 198)
   defining Unicode char U+00D8 (decimal 216)
   defining Unicode char U+00DF (decimal 223)
   defining Unicode char U+00E6 (decimal 230)
   defining Unicode char U+00EC (decimal 236)
   defining Unicode char U+00ED (decimal 237)
   defining Unicode char U+00EE (decimal 238)
   defining Unicode char U+00EF (decimal 239)
   defining Unicode char U+00F8 (decimal 248)
   defining Unicode char U+0131 (decimal 305)
   defining Unicode char U+0141 (decimal 321)
   defining Unicode char U+0142 (decimal 322)
   defining Unicode char U+0152 (decimal 338)
   defining Unicode char U+0153 (decimal 339)
   defining Unicode char U+0174 (decimal 372)
   defining Unicode char U+0175 (decimal 373)
   defining Unicode char U+0176 (decimal 374)
   defining Unicode char U+0177 (decimal 375)
   defining Unicode char U+0218 (decimal 536)
   defining Unicode char U+0219 (decimal 537)
   defining Unicode char U+021A (decimal 538)
   defining Unicode char U+021B (decimal 539)
   defining Unicode char U+2013 (decimal 8211)
   defining Unicode char U+2014 (decimal 8212)
   defining Unicode char U+2018 (decimal 8216)
   defining Unicode char U+2019 (decimal 8217)
   defining Unicode char U+201C (decimal 8220)
   defining Unicode char U+201D (decimal 8221)
)
Now handling font encoding OMS ...
... processing UTF-8 mapping file for font encoding OMS

("C:\Program Files\MiKTeX 2.9\tex\latex\base\omsenc.dfu"
File: omsenc.dfu 2017/01/28 v1.1t UTF-8 support for inputenc
   defining Unicode char U+00A7 (decimal 167)
   defining Unicode char U+00B6 (decimal 182)
   defining Unicode char U+00B7 (decimal 183)
   defining Unicode char U+2020 (decimal 8224)
   defining Unicode char U+2021 (decimal 8225)
   defining Unicode char U+2022 (decimal 8226)
)
Now handling font encoding OMX ...
... no UTF-8 mapping file for font encoding OMX
Now handling font encoding U ...
... no UTF-8 mapping file for font encoding U
   defining Unicode char U+00A9 (decimal 169)
   defining Unicode char U+00AA (decimal 170)
   defining Unicode char U+00AE (decimal 174)
   defining Unicode char U+00BA (decimal 186)
   defining Unicode char U+02C6 (decimal 710)
   defining Unicode char U+02DC (decimal 732)
   defining Unicode char U+200C (decimal 8204)
   defining Unicode char U+2026 (decimal 8230)
   defining Unicode char U+2122 (decimal 8482)
   defining Unicode char U+2423 (decimal 9251)
))
("C:\Program Files\MiKTeX 2.9\tex\latex\base\fontenc.sty"
Package: fontenc 2017/04/05 v2.0i Standard LaTeX package

("C:\Program Files\MiKTeX 2.9\tex\latex\base\t1enc.def"
File: t1enc.def 2017/04/05 v2.0i Standard LaTeX file
LaTeX Font Info:    Redeclaring font encoding T1 on input line 48.
))
("C:\Program Files\MiKTeX 2.9\tex\latex\graphics\color.sty"
Package: color 2016/07/10 v1.1e Standard LaTeX Color (DPC)

("C:\Program Files\MiKTeX 2.9\tex\latex\graphics-cfg\color.cfg"
File: color.cfg 2016/01/02 v1.6 sample color configuration
)
Package color Info: Driver file: pdftex.def on input line 147.

("C:\Program Files\MiKTeX 2.9\tex\latex\graphics-def\pdftex.def"
File: pdftex.def 2018/01/08 v1.0l Graphics/color driver for pdftex
))
("C:\Program Files\MiKTeX 2.9\tex\latex\amsmath\amsmath.sty"
Package: amsmath 2017/09/02 v2.17a AMS math features
\@mathmargin=\skip58

For additional information on amsmath, use the `?' option.
("C:\Program Files\MiKTeX 2.9\tex\latex\amsmath\amstext.sty"
Package: amstext 2000/06/29 v2.01 AMS text

("C:\Program Files\MiKTeX 2.9\tex\latex\amsmath\amsgen.sty"
File: amsgen.sty 1999/11/30 v2.0 generic functions
\@emptytoks=\toks17
\ex@=\dimen104
))
("C:\Program Files\MiKTeX 2.9\tex\latex\amsmath\amsbsy.sty"
Package: amsbsy 1999/11/29 v1.2d Bold Symbols
\pmbraise@=\dimen105
)
("C:\Program Files\MiKTeX 2.9\tex\latex\amsmath\amsopn.sty"
Package: amsopn 2016/03/08 v2.02 operator names
)
\inf@bad=\count89
LaTeX Info: Redefining \frac on input line 213.
\uproot@=\count90
\leftroot@=\count91
LaTeX Info: Redefining \overline on input line 375.
\classnum@=\count92
\DOTSCASE@=\count93
LaTeX Info: Redefining \ldots on input line 472.
LaTeX Info: Redefining \dots on input line 475.
LaTeX Info: Redefining \cdots on input line 596.
\Mathstrutbox@=\box28
\strutbox@=\box29
\big@size=\dimen106
LaTeX Font Info:    Redeclaring font encoding OML on input line 712.
LaTeX Font Info:    Redeclaring font encoding OMS on input line 713.
\macc@depth=\count94
\c@MaxMatrixCols=\count95
\dotsspace@=\muskip10
\c@parentequation=\count96
\dspbrk@lvl=\count97
\tag@help=\toks18
\row@=\count98
\column@=\count99
\maxfields@=\count100
\andhelp@=\toks19
\eqnshift@=\dimen107
\alignsep@=\dimen108
\tagshift@=\dimen109
\tagwidth@=\dimen110
\totwidth@=\dimen111
\lineht@=\dimen112
\@envbody=\toks20
\multlinegap=\skip59
\multlinetaggap=\skip60
\mathdisplay@stack=\toks21
LaTeX Info: Redefining \[ on input line 2817.
LaTeX Info: Redefining \] on input line 2818.
)
("C:\Program Files\MiKTeX 2.9\tex\latex\graphics\graphicx.sty"
Package: graphicx 2017/06/01 v1.1a Enhanced LaTeX Graphics (DPC,SPQR)

("C:\Program Files\MiKTeX 2.9\tex\latex\graphics\graphics.sty"
Package: graphics 2017/06/25 v1.2c Standard LaTeX Graphics (DPC,SPQR)

("C:\Program Files\MiKTeX 2.9\tex\latex\graphics\trig.sty"
Package: trig 2016/01/03 v1.10 sin cos tan (DPC)
)
("C:\Program Files\MiKTeX 2.9\tex\latex\graphics-cfg\graphics.cfg"
File: graphics.cfg 2016/06/04 v1.11 sample graphics configuration
)
Package graphics Info: Driver file: pdftex.def on input line 99.
)
\Gin@req@height=\dimen113
\Gin@req@width=\dimen114
)
("C:\Program Files\MiKTeX 2.9\tex\latex\graphics\epsfig.sty"
Package: epsfig 2017/06/25 v1.7b (e)psfig emulation (SPQR)
\epsfxsize=\dimen115
\epsfysize=\dimen116
)
("C:\Program Files\MiKTeX 2.9\tex\generic\babel\babel.sty"
Package: babel 2018/02/14 3.18 The Babel package

("C:\Program Files\MiKTeX 2.9\tex\generic\babel\switch.def"
File: switch.def 2018/02/14 3.18 Babel switching mechanism
)
*************************************
* Local config file bblopts.cfg used
*
("C:\Program Files\MiKTeX 2.9\tex\latex\arabi\bblopts.cfg"
File: bblopts.cfg 2005/09/08 v0.1 add Arabic and Farsi to "declared" options of
 babel
)
("C:\Program Files\MiKTeX 2.9\tex\latex\babel-english\english.ldf"
Language: english 2017/06/06 v3.3r English support from the babel system

("C:\Program Files\MiKTeX 2.9\tex\generic\babel\babel.def"
File: babel.def 2018/02/14 3.18 Babel common definitions
\babel@savecnt=\count101
\U@D=\dimen117

("C:\Program Files\MiKTeX 2.9\tex\generic\babel\txtbabel.def")
\bbl@dirlevel=\count102
)
\l@canadian = a dialect from \language\l@american 
\l@australian = a dialect from \language\l@british 
\l@newzealand = a dialect from \language\l@british 
))
("C:\Program Files\MiKTeX 2.9\tex\latex\natbib\natbib.sty"
Package: natbib 2010/09/13 8.31b (PWD, AO)
\bibhang=\skip61
\bibsep=\skip62
LaTeX Info: Redefining \cite on input line 694.
\c@NAT@ctr=\count103
)
("C:\Program Files\MiKTeX 2.9\tex\latex\hyperref\hyperref.sty"
Package: hyperref 2018/02/06 v6.86b Hypertext links for LaTeX

("C:\Program Files\MiKTeX 2.9\tex\generic\oberdiek\hobsub-hyperref.sty"
Package: hobsub-hyperref 2016/05/16 v1.14 Bundle oberdiek, subset hyperref (HO)


("C:\Program Files\MiKTeX 2.9\tex\generic\oberdiek\hobsub-generic.sty"
Package: hobsub-generic 2016/05/16 v1.14 Bundle oberdiek, subset generic (HO)
Package: hobsub 2016/05/16 v1.14 Construct package bundles (HO)
Package: infwarerr 2016/05/16 v1.4 Providing info/warning/error messages (HO)
Package: ltxcmds 2016/05/16 v1.23 LaTeX kernel commands for general use (HO)
Package: ifluatex 2016/05/16 v1.4 Provides the ifluatex switch (HO)
Package ifluatex Info: LuaTeX not detected.
Package: ifvtex 2016/05/16 v1.6 Detect VTeX and its facilities (HO)
Package ifvtex Info: VTeX not detected.
Package: intcalc 2016/05/16 v1.2 Expandable calculations with integers (HO)
Package: ifpdf 2017/03/15 v3.2 Provides the ifpdf switch
Package: etexcmds 2016/05/16 v1.6 Avoid name clashes with e-TeX commands (HO)
Package etexcmds Info: Could not find \expanded.
(etexcmds)             That can mean that you are not using pdfTeX 1.50 or
(etexcmds)             that some package has redefined \expanded.
(etexcmds)             In the latter case, load this package earlier.
Package: kvsetkeys 2016/05/16 v1.17 Key value parser (HO)
Package: kvdefinekeys 2016/05/16 v1.4 Define keys (HO)
Package: pdftexcmds 2018/01/21 v0.26 Utility functions of pdfTeX for LuaTeX (HO
)
Package pdftexcmds Info: LuaTeX not detected.
Package pdftexcmds Info: \pdf@primitive is available.
Package pdftexcmds Info: \pdf@ifprimitive is available.
Package pdftexcmds Info: \pdfdraftmode found.
Package: pdfescape 2016/05/16 v1.14 Implements pdfTeX's escape features (HO)
Package: bigintcalc 2016/05/16 v1.4 Expandable calculations on big integers (HO
)
Package: bitset 2016/05/16 v1.2 Handle bit-vector datatype (HO)
Package: uniquecounter 2016/05/16 v1.3 Provide unlimited unique counter (HO)
)
Package hobsub Info: Skipping package `hobsub' (already loaded).
Package: letltxmacro 2016/05/16 v1.5 Let assignment for LaTeX macros (HO)
Package: hopatch 2016/05/16 v1.3 Wrapper for package hooks (HO)
Package: xcolor-patch 2016/05/16 xcolor patch
Package: atveryend 2016/05/16 v1.9 Hooks at the very end of document (HO)
Package atveryend Info: \enddocument detected (standard20110627).
Package: atbegshi 2016/06/09 v1.18 At begin shipout hook (HO)
Package: refcount 2016/05/16 v3.5 Data extraction from label references (HO)
Package: hycolor 2016/05/16 v1.8 Color options for hyperref/bookmark (HO)
)
("C:\Program Files\MiKTeX 2.9\tex\generic\ifxetex\ifxetex.sty"
Package: ifxetex 2010/09/12 v0.6 Provides ifxetex conditional
)
("C:\Program Files\MiKTeX 2.9\tex\latex\oberdiek\auxhook.sty"
Package: auxhook 2016/05/16 v1.4 Hooks for auxiliary files (HO)
)
("C:\Program Files\MiKTeX 2.9\tex\latex\oberdiek\kvoptions.sty"
Package: kvoptions 2016/05/16 v3.12 Key value format for package options (HO)
)
\@linkdim=\dimen118
\Hy@linkcounter=\count104
\Hy@pagecounter=\count105

("C:\Program Files\MiKTeX 2.9\tex\latex\hyperref\pd1enc.def"
File: pd1enc.def 2018/02/06 v6.86b Hyperref: PDFDocEncoding definition (HO)
Now handling font encoding PD1 ...
... no UTF-8 mapping file for font encoding PD1
)
\Hy@SavedSpaceFactor=\count106

("C:\Program Files\MiKTeX 2.9\tex\latex\00miktex\hyperref.cfg"
File: hyperref.cfg 2002/06/06 v1.2 hyperref configuration of TeXLive
)
Package hyperref Info: Hyper figures OFF on input line 4509.
Package hyperref Info: Link nesting OFF on input line 4514.
Package hyperref Info: Hyper index ON on input line 4517.
Package hyperref Info: Plain pages OFF on input line 4524.
Package hyperref Info: Backreferencing OFF on input line 4529.
Package hyperref Info: Implicit mode ON; LaTeX internals redefined.
Package hyperref Info: Bookmarks ON on input line 4762.
\c@Hy@tempcnt=\count107

("C:\Program Files\MiKTeX 2.9\tex\latex\url\url.sty"
\Urlmuskip=\muskip11
Package: url 2013/09/16  ver 3.4  Verb mode for urls, etc.
)
LaTeX Info: Redefining \url on input line 5115.
\XeTeXLinkMargin=\dimen119
\Fld@menulength=\count108
\Field@Width=\dimen120
\Fld@charsize=\dimen121
Package hyperref Info: Hyper figures OFF on input line 6369.
Package hyperref Info: Link nesting OFF on input line 6374.
Package hyperref Info: Hyper index ON on input line 6377.
Package hyperref Info: backreferencing OFF on input line 6384.
Package hyperref Info: Link coloring OFF on input line 6389.
Package hyperref Info: Link coloring with OCG OFF on input line 6394.
Package hyperref Info: PDF/A mode OFF on input line 6399.
LaTeX Info: Redefining \ref on input line 6439.
LaTeX Info: Redefining \pageref on input line 6443.
\Hy@abspage=\count109
\c@Item=\count110
\c@Hfootnote=\count111
)
Package hyperref Info: Driver (autodetected): hpdftex.

("C:\Program Files\MiKTeX 2.9\tex\latex\hyperref\hpdftex.def"
File: hpdftex.def 2018/02/06 v6.86b Hyperref driver for pdfTeX
\Fld@listcount=\count112
\c@bookmark@seq@number=\count113

("C:\Program Files\MiKTeX 2.9\tex\latex\oberdiek\rerunfilecheck.sty"
Package: rerunfilecheck 2016/05/16 v1.8 Rerun checks for auxiliary files (HO)
Package uniquecounter Info: New unique counter `rerunfilecheck' on input line 2
82.
)
\Hy@SectionHShift=\skip63
)
("C:\Program Files\MiKTeX 2.9\tex\latex\amsfonts\amssymb.sty"
Package: amssymb 2013/01/14 v3.01 AMS font symbols

("C:\Program Files\MiKTeX 2.9\tex\latex\amsfonts\amsfonts.sty"
Package: amsfonts 2013/01/14 v3.01 Basic AMSFonts support
\symAMSa=\mathgroup4
\symAMSb=\mathgroup5
LaTeX Font Info:    Overwriting math alphabet `\mathfrak' in version `bold'
(Font)                  U/euf/m/n --> U/euf/b/n on input line 106.
))
Package hyperref Info: Option `colorlinks' set `true' on input line 40.
 (MA.aux
(titlepages-ger.aux) (titlepages-eng.aux) (abstracts.aux)

LaTeX Warning: Label `key' multiply defined.


LaTeX Warning: Label `key' multiply defined.


LaTeX Warning: Label `key' multiply defined.


LaTeX Warning: Label `eq:disparity2' multiply defined.


LaTeX Warning: Label `key' multiply defined.


LaTeX Warning: Label `key' multiply defined.


LaTeX Warning: Label `key' multiply defined.


LaTeX Warning: Label `key' multiply defined.


LaTeX Warning: Label `key' multiply defined.


LaTeX Warning: Label `key' multiply defined.


LaTeX Warning: Label `key' multiply defined.


LaTeX Warning: Label `key' multiply defined.


LaTeX Warning: Label `key' multiply defined.


LaTeX Warning: Label `key' multiply defined.


LaTeX Warning: Label `key' multiply defined.


LaTeX Warning: Label `key' multiply defined.


LaTeX Warning: Label `key' multiply defined.


LaTeX Warning: Label `key' multiply defined.


LaTeX Warning: Label `key' multiply defined.


LaTeX Warning: Label `key' multiply defined.


LaTeX Warning: Label `key' multiply defined.


LaTeX Warning: Label `key' multiply defined.


LaTeX Warning: Label `key' multiply defined.


LaTeX Warning: Label `key' multiply defined.


LaTeX Warning: Label `key' multiply defined.


LaTeX Warning: Label `key' multiply defined.

(deposition.aux))
\openout1 = `MA.aux'.

LaTeX Font Info:    Checking defaults for OML/cmm/m/it on input line 44.
LaTeX Font Info:    ... okay on input line 44.
LaTeX Font Info:    Checking defaults for T1/cmr/m/n on input line 44.
LaTeX Font Info:    ... okay on input line 44.
LaTeX Font Info:    Checking defaults for OT1/cmr/m/n on input line 44.
LaTeX Font Info:    ... okay on input line 44.
LaTeX Font Info:    Checking defaults for OMS/cmsy/m/n on input line 44.
LaTeX Font Info:    ... okay on input line 44.
LaTeX Font Info:    Checking defaults for OMX/cmex/m/n on input line 44.
LaTeX Font Info:    ... okay on input line 44.
LaTeX Font Info:    Checking defaults for U/cmr/m/n on input line 44.
LaTeX Font Info:    ... okay on input line 44.
LaTeX Font Info:    Checking defaults for PD1/pdf/m/n on input line 44.
LaTeX Font Info:    ... okay on input line 44.
 ("C:\Program Files\MiKTeX 2.9\tex\context\base\supp-pdf.mkii"
[Loading MPS to PDF converter (version 2006.09.02).]
\scratchcounter=\count114
\scratchdimen=\dimen122
\scratchbox=\box30
\nofMPsegments=\count115
\nofMParguments=\count116
\everyMPshowfont=\toks22
\MPscratchCnt=\count117
\MPscratchDim=\dimen123
\MPnumerator=\count118
\makeMPintoPDFobject=\count119
\everyMPtoPDFconversion=\toks23
) ("C:\Program Files\MiKTeX 2.9\tex\latex\oberdiek\epstopdf-base.sty"
Package: epstopdf-base 2016/05/15 v2.6 Base part for package epstopdf

("C:\Program Files\MiKTeX 2.9\tex\latex\oberdiek\grfext.sty"
Package: grfext 2016/05/16 v1.2 Manage graphics extensions (HO)
)
Package epstopdf-base Info: Redefining graphics rule for `.eps' on input line 4
38.
Package grfext Info: Graphics extension search list:
(grfext)             [.pdf,.png,.jpg,.mps,.jpeg,.jbig2,.jb2,.PDF,.PNG,.JPG,.JPE
G,.JBIG2,.JB2,.eps]
(grfext)             \AppendGraphicsExtensions on input line 456.
)
\AtBeginShipoutBox=\box31
Package hyperref Info: Link coloring ON on input line 44.

("C:\Program Files\MiKTeX 2.9\tex\latex\hyperref\nameref.sty"
Package: nameref 2016/05/21 v2.44 Cross-referencing by name of section

("C:\Program Files\MiKTeX 2.9\tex\generic\oberdiek\gettitlestring.sty"
Package: gettitlestring 2016/05/16 v1.5 Cleanup title references (HO)
)
\c@section@level=\count120
)
LaTeX Info: Redefining \ref on input line 44.
LaTeX Info: Redefining \pageref on input line 44.
LaTeX Info: Redefining \nameref on input line 44.

(MA.out) (MA.out)
\@outlinefile=\write3
\openout3 = `MA.out'.

\openout2 = `titlepages-ger.aux'.

 (titlepages-ger.tex
LaTeX Font Info:    Try loading font information for T1+cmss on input line 12.

("C:\Program Files\MiKTeX 2.9\tex\latex\base\t1cmss.fd"
File: t1cmss.fd 2014/09/29 v2.5h Standard LaTeX font definitions
) [1


{C:/Users/Jacob/AppData/Local/MiKTeX/2.9/pdftex/config/pdftex.map}]) [2]
\openout2 = `titlepages-eng.aux'.

 (titlepages-eng.tex
[3


]) [4]
\openout2 = `abstracts.aux'.

 (abstracts.tex (abstract-ger.tex

Package natbib Warning: Citation `loremIpsum' on page 5 undefined on input line
 2.

)
LaTeX Font Info:    Try loading font information for U+msa on input line 19.
 ("C:\Program Files\MiKTeX 2.9\tex\latex\amsfonts\umsa.fd"
File: umsa.fd 2013/01/14 v3.01 AMS symbols A
)
LaTeX Font Info:    Try loading font information for U+msb on input line 19.

("C:\Program Files\MiKTeX 2.9\tex\latex\amsfonts\umsb.fd"
File: umsb.fd 2013/01/14 v3.01 AMS symbols B
) (abstract-eng.tex

Package natbib Warning: Citation `loremIpsum' on page 5 undefined on input line
 2.

)) [5


] (MA.toc [6


])
\tf@toc=\write4
\openout4 = `MA.toc'.

 [7]
chapter 1.
[8

]
chapter 2.

Underfull \hbox (badness 10000) in paragraph at lines 64--67

 []

[9

]
<images/twoplane_param.jpg, id=337, 343.71613pt x 147.86443pt>
File: images/twoplane_param.jpg Graphic file (type jpg)
<use images/twoplane_param.jpg>
Package pdftex.def Info: images/twoplane_param.jpg  used on input line 79.
(pdftex.def)             Requested size: 298.75267pt x 128.53044pt.
 [10 <./images/twoplane_param.jpg>]
<images/epiVisualization.jpg, id=355, 2006.9379pt x 635.976pt>
File: images/epiVisualization.jpg Graphic file (type jpg)
<use images/epiVisualization.jpg>
Package pdftex.def Info: images/epiVisualization.jpg  used on input line 94.
(pdftex.def)             Requested size: 426.7914pt x 135.23772pt.
<images/simple_epi.png, id=358, 797.98125pt x 91.09032pt>
File: images/simple_epi.png Graphic file (type png)
<use images/simple_epi.png>
Package pdftex.def Info: images/simple_epi.png  used on input line 101.
(pdftex.def)             Requested size: 426.7914pt x 48.71823pt.

Underfull \hbox (badness 10000) in paragraph at lines 115--117

 []

[11 <./images/epiVisualization.jpg> <./images/simple_epi.png>]

LaTeX Warning: No positions in optional float specifier.
               Default added (so using `tbp') on input line 142.

<images/Lumiplus.jpg, id=386, 529.98pt x 584.1825pt>
File: images/Lumiplus.jpg Graphic file (type jpg)
<use images/Lumiplus.jpg>
Package pdftex.def Info: images/Lumiplus.jpg  used on input line 144.
(pdftex.def)             Requested size: 298.75267pt x 329.30603pt.
[12] [13 <./images/Lumiplus.jpg>]
<images/refocused_cut.png, id=412, 711.4078pt x 267.24844pt>
File: images/refocused_cut.png Graphic file (type png)
<use images/refocused_cut.png>
Package pdftex.def Info: images/refocused_cut.png  used on input line 174.
(pdftex.def)             Requested size: 298.75267pt x 112.23134pt.
<images/occlusion_painted2.png, id=418, 778.40813pt x 500.62032pt>
File: images/occlusion_painted2.png Graphic file (type png)
<use images/occlusion_painted2.png>
Package pdftex.def Info: images/occlusion_painted2.png  used on input line 191.

(pdftex.def)             Requested size: 298.75267pt x 192.13977pt.
<images/cotton_discontinuities_0070.png, id=419, 212.9556pt x 175.857pt>
File: images/cotton_discontinuities_0070.png Graphic file (type png)
<use images/cotton_discontinuities_0070.png>
Package pdftex.def Info: images/cotton_discontinuities_0070.png  used on input 
line 197.
(pdftex.def)             Requested size: 298.75267pt x 246.72673pt.
 [14 <./images/refocused_cut.png>]
<images/sandclock.png, id=438, 40.10588pt x 12.60754pt>
File: images/sandclock.png Graphic file (type png)
<use images/sandclock.png>
Package pdftex.def Info: images/sandclock.png  used on input line 212.
(pdftex.def)             Requested size: 298.75267pt x 93.94275pt.
 [15]
[16 <./images/occlusion_painted2.png>]
Underfull \vbox (badness 10000) has occurred while \output is active []

 [17 <./images/cotton_discontinuities_0070.png> <./images/sandclock.png>] [18]

LaTeX Warning: Reference `sec:evaluation' on page 19 undefined on input line 24
9.


Underfull \hbox (badness 10000) in paragraph at lines 248--250

 []

[19]

LaTeX Warning: Command \textsection invalid in math mode on input line 262.

Missing character: There is no Ÿ in font cmr12!
Package epstopdf Info: Source file: <images/derivatives_full.eps>
(epstopdf)                    date: 2018-06-08 09:43:55
(epstopdf)                    size: 142125 bytes
(epstopdf)             Output file: <images/derivatives_full-eps-converted-to.p
df>
(epstopdf)                    date: 2018-06-08 09:43:55
(epstopdf)                    size: 50813 bytes
(epstopdf)             Command: <epstopdf --outfile=images/derivatives_full-eps
-converted-to.pdf images/derivatives_full.eps>
(epstopdf)             \includegraphics on input line 268.
Package epstopdf Info: Output file is already uptodate.
<images/derivatives_full-eps-converted-to.pdf, id=491, 476.78125pt x 346.29375p
t>
File: images/derivatives_full-eps-converted-to.pdf Graphic file (type pdf)
<use images/derivatives_full-eps-converted-to.pdf>
Package pdftex.def Info: images/derivatives_full-eps-converted-to.pdf  used on 
input line 268.
(pdftex.def)             Requested size: 426.7914pt x 310.0023pt.
<images/closing.png, id=492, 642.4pt x 228.855pt>
File: images/closing.png Graphic file (type png)
<use images/closing.png>
Package pdftex.def Info: images/closing.png  used on input line 275.
(pdftex.def)             Requested size: 298.75267pt x 106.43393pt.
Package epstopdf Info: Source file: <images/segm_gaussian.eps>
(epstopdf)                    date: 2018-06-08 09:43:56
(epstopdf)                    size: 122795 bytes
(epstopdf)             Output file: <images/segm_gaussian-eps-converted-to.pdf>

(epstopdf)                    date: 2018-07-11 16:04:42
(epstopdf)                    size: 41910 bytes
(epstopdf)             Command: <epstopdf --outfile=images/segm_gaussian-eps-co
nverted-to.pdf images/segm_gaussian.eps>
(epstopdf)             \includegraphics on input line 283.
Package epstopdf Info: Output file is already uptodate.
<images/segm_gaussian-eps-converted-to.pdf, id=495, 462.72874pt x 346.29375pt>
File: images/segm_gaussian-eps-converted-to.pdf Graphic file (type pdf)
<use images/segm_gaussian-eps-converted-to.pdf>
Package pdftex.def Info: images/segm_gaussian-eps-converted-to.pdf  used on inp
ut line 283.
(pdftex.def)             Requested size: 426.7914pt x 319.40256pt.
[20] [21 <./images/derivatives_full-eps-converted-to.pdf> <./images/closing.png
>] [22 <./images/segm_gaussian-eps-converted-to.pdf>] [23] [24]
Package epstopdf Info: Source file: <images/choose_lower_difference.eps>
(epstopdf)                    date: 2018-10-13 21:22:53
(epstopdf)                    size: 4205203 bytes
(epstopdf)             Output file: <images/choose_lower_difference-eps-convert
ed-to.pdf>
(epstopdf)                    date: 2018-10-13 21:22:53
(epstopdf)                    size: 1065144 bytes
(epstopdf)             Command: <epstopdf --outfile=images/choose_lower_differe
nce-eps-converted-to.pdf images/choose_lower_difference.eps>
(epstopdf)             \includegraphics on input line 364.
Package epstopdf Info: Output file is already uptodate.
<images/choose_lower_difference-eps-converted-to.pdf, id=562, 654.445pt x 482.8
0376pt>
File: images/choose_lower_difference-eps-converted-to.pdf Graphic file (type pd
f)
<use images/choose_lower_difference-eps-converted-to.pdf>
Package pdftex.def Info: images/choose_lower_difference-eps-converted-to.pdf  u
sed on input line 364.
(pdftex.def)             Requested size: 426.7914pt x 314.85747pt.
 [25 <./images/choose_lower_difference-eps-converted-to.pdf>] [26] [27]
<images/table-skizze.jpg, id=637, 1445.4pt x 813.0375pt>
File: images/table-skizze.jpg Graphic file (type jpg)
<use images/table-skizze.jpg>
Package pdftex.def Info: images/table-skizze.jpg  used on input line 433.
(pdftex.def)             Requested size: 298.75267pt x 168.05083pt.


LaTeX Warning: `h' float specifier changed to `ht'.

<images/discrete_cont.jpg, id=641, 1445.4pt x 813.0375pt>
File: images/discrete_cont.jpg Graphic file (type jpg)
<use images/discrete_cont.jpg>
Package pdftex.def Info: images/discrete_cont.jpg  used on input line 441.
(pdftex.def)             Requested size: 298.75267pt x 168.05083pt.
[28]
Overfull \hbox (17.02443pt too wide) detected at line 465
 $\OML/cmm/m/it/12 L[]\OT1/cmr/m/n/12 ([]\OML/cmm/m/it/12 ; s\OT1/cmr/m/n/12 ) 
= \OML/cmm/m/it/12 C\OT1/cmr/m/n/12 ([]\OML/cmm/m/it/12 ; s\OT1/cmr/m/n/12 ) + 
[][] []$  
 []

[29 <./images/table-skizze.jpg>]
Package epstopdf Info: Source file: <images/subplot_sgm.eps>
(epstopdf)                    date: 2018-10-13 21:22:55
(epstopdf)                    size: 576658 bytes
(epstopdf)             Output file: <images/subplot_sgm-eps-converted-to.pdf>
(epstopdf)                    date: 2018-10-13 21:22:55
(epstopdf)                    size: 33131 bytes
(epstopdf)             Command: <epstopdf --outfile=images/subplot_sgm-eps-conv
erted-to.pdf images/subplot_sgm.eps>
(epstopdf)             \includegraphics on input line 474.
Package epstopdf Info: Output file is already uptodate.
<images/subplot_sgm-eps-converted-to.pdf, id=658, 403.5075pt x 107.40125pt>
File: images/subplot_sgm-eps-converted-to.pdf Graphic file (type pdf)
<use images/subplot_sgm-eps-converted-to.pdf>
Package pdftex.def Info: images/subplot_sgm-eps-converted-to.pdf  used on input
 line 474.
(pdftex.def)             Requested size: 426.7914pt x 113.59894pt.
 [30 <./images/discrete_cont.jpg> <./images/subplot_sgm-eps-converted-to.pdf>]
<images/sgm_ppr_example.png, id=680, 829.59938pt x 385.44pt>
File: images/sgm_ppr_example.png Graphic file (type png)
<use images/sgm_ppr_example.png>
Package pdftex.def Info: images/sgm_ppr_example.png  used on input line 496.
(pdftex.def)             Requested size: 426.7914pt x 198.28914pt.


Package natbib Warning: Citation `Benjaminsarbeit' on page 31 undefined on inpu
t line 502.

Package epstopdf Info: Source file: <images/iteration_steps.eps>
(epstopdf)                    date: 2018-10-13 21:22:53
(epstopdf)                    size: 28489 bytes
(epstopdf)             Output file: <images/iteration_steps-eps-converted-to.pd
f>
(epstopdf)                    date: 2018-10-13 21:22:53
(epstopdf)                    size: 22910 bytes
(epstopdf)             Command: <epstopdf --outfile=images/iteration_steps-eps-
converted-to.pdf images/iteration_steps.eps>
(epstopdf)             \includegraphics on input line 506.
Package epstopdf Info: Output file is already uptodate.
<images/iteration_steps-eps-converted-to.pdf, id=684, 722.7pt x 216.81pt>
File: images/iteration_steps-eps-converted-to.pdf Graphic file (type pdf)
<use images/iteration_steps-eps-converted-to.pdf>
Package pdftex.def Info: images/iteration_steps-eps-converted-to.pdf  used on i
nput line 506.
(pdftex.def)             Requested size: 426.7914pt x 128.03918pt.

Underfull \vbox (badness 1163) has occurred while \output is active []

 [31 <./images/sgm_ppr_example.png>]
Underfull \vbox (badness 10000) has occurred while \output is active []

 [32 <./images/iteration_steps-eps-converted-to.pdf>]
Package epstopdf Info: Source file: <images/penalty_function.eps>
(epstopdf)                    date: 2018-10-13 21:22:54
(epstopdf)                    size: 89649 bytes
(epstopdf)             Output file: <images/penalty_function-eps-converted-to.p
df>
(epstopdf)                    date: 2018-10-13 21:22:54
(epstopdf)                    size: 33012 bytes
(epstopdf)             Command: <epstopdf --outfile=images/penalty_function-eps
-converted-to.pdf images/penalty_function.eps>
(epstopdf)             \includegraphics on input line 531.
Package epstopdf Info: Output file is already uptodate.
<images/penalty_function-eps-converted-to.pdf, id=734, 808.01875pt x 216.81pt>
File: images/penalty_function-eps-converted-to.pdf Graphic file (type pdf)
<use images/penalty_function-eps-converted-to.pdf>
Package pdftex.def Info: images/penalty_function-eps-converted-to.pdf  used on 
input line 531.
(pdftex.def)             Requested size: 298.75267pt x 80.1622pt.
Package epstopdf Info: Source file: <images/linear_iteration.eps>
(epstopdf)                    date: 2018-10-13 21:22:53
(epstopdf)                    size: 455327 bytes
(epstopdf)             Output file: <images/linear_iteration-eps-converted-to.p
df>
(epstopdf)                    date: 2018-10-13 21:22:53
(epstopdf)                    size: 282603 bytes
(epstopdf)             Command: <epstopdf --outfile=images/linear_iteration-eps
-converted-to.pdf images/linear_iteration.eps>
(epstopdf)             \includegraphics on input line 538.
Package epstopdf Info: Output file is already uptodate.
<images/linear_iteration-eps-converted-to.pdf, id=744, 360.34625pt x 125.46875p
t>
File: images/linear_iteration-eps-converted-to.pdf Graphic file (type pdf)
<use images/linear_iteration-eps-converted-to.pdf>
Package pdftex.def Info: images/linear_iteration-eps-converted-to.pdf  used on 
input line 538.
(pdftex.def)             Requested size: 426.7914pt x 148.6032pt.
 [33 <./images/penalty_function-eps-converted-to.pdf>] [34 <./images/linear_ite
ration-eps-converted-to.pdf>]
[35] [36]
chapter 3.
[37

]
<images/original_marked.png, id=806, 1026.83624pt x 697.8572pt>
File: images/original_marked.png Graphic file (type png)
<use images/original_marked.png>
Package pdftex.def Info: images/original_marked.png  used on input line 626.
(pdftex.def)             Requested size: 426.7914pt x 290.05257pt.
Package epstopdf Info: Source file: <images/result_depth_from_focus_res20.eps>
(epstopdf)                    date: 2018-06-08 09:43:55
(epstopdf)                    size: 15411238 bytes
(epstopdf)             Output file: <images/result_depth_from_focus_res20-eps-c
onverted-to.pdf>
(epstopdf)                    date: 2018-06-08 09:43:55
(epstopdf)                    size: 661697 bytes
(epstopdf)             Command: <epstopdf --outfile=images/result_depth_from_fo
cus_res20-eps-converted-to.pdf images/result_depth_from_focus_res20.eps>
(epstopdf)             \includegraphics on input line 635.
Package epstopdf Info: Output file is already uptodate.
<images/result_depth_from_focus_res20-eps-converted-to.pdf, id=809, 2168.1pt x 
2168.1pt>
File: images/result_depth_from_focus_res20-eps-converted-to.pdf Graphic file (t
ype pdf)
<use images/result_depth_from_focus_res20-eps-converted-to.pdf>
Package pdftex.def Info: images/result_depth_from_focus_res20-eps-converted-to.
pdf  used on input line 635.
(pdftex.def)             Requested size: 426.7914pt x 426.76425pt.
Package epstopdf Info: Source file: <images/error_res20_all.eps>
(epstopdf)                    date: 2018-06-08 09:43:55
(epstopdf)                    size: 256363 bytes
(epstopdf)             Output file: <images/error_res20_all-eps-converted-to.pd
f>
(epstopdf)                    date: 2018-06-08 09:43:55
(epstopdf)                    size: 88875 bytes
(epstopdf)             Command: <epstopdf --outfile=images/error_res20_all-eps-
converted-to.pdf images/error_res20_all.eps>
(epstopdf)             \includegraphics on input line 642.
Package epstopdf Info: Output file is already uptodate.
<images/error_res20_all-eps-converted-to.pdf, id=810, 433.62pt x 306.14375pt>
File: images/error_res20_all-eps-converted-to.pdf Graphic file (type pdf)
<use images/error_res20_all-eps-converted-to.pdf>
Package pdftex.def Info: images/error_res20_all-eps-converted-to.pdf  used on i
nput line 642.
(pdftex.def)             Requested size: 298.75267pt x 210.93576pt.
Package epstopdf Info: Source file: <images/result_depth_from_focus_pre.eps>
(epstopdf)                    date: 2018-06-08 09:43:55
(epstopdf)                    size: 15411236 bytes
(epstopdf)             Output file: <images/result_depth_from_focus_pre-eps-con
verted-to.pdf>
(epstopdf)                    date: 2018-06-08 09:43:55
(epstopdf)                    size: 550654 bytes
(epstopdf)             Command: <epstopdf --outfile=images/result_depth_from_fo
cus_pre-eps-converted-to.pdf images/result_depth_from_focus_pre.eps>
(epstopdf)             \includegraphics on input line 657.
Package epstopdf Info: Output file is already uptodate.
<images/result_depth_from_focus_pre-eps-converted-to.pdf, id=811, 2168.1pt x 21
68.1pt>
File: images/result_depth_from_focus_pre-eps-converted-to.pdf Graphic file (typ
e pdf)
<use images/result_depth_from_focus_pre-eps-converted-to.pdf>
Package pdftex.def Info: images/result_depth_from_focus_pre-eps-converted-to.pd
f  used on input line 657.
(pdftex.def)             Requested size: 426.7914pt x 426.76425pt.
Package epstopdf Info: Source file: <images/error_res1_all.eps>
(epstopdf)                    date: 2018-06-08 09:43:55
(epstopdf)                    size: 257703 bytes
(epstopdf)             Output file: <images/error_res1_all-eps-converted-to.pdf
>
(epstopdf)                    date: 2018-06-08 09:43:55
(epstopdf)                    size: 89335 bytes
(epstopdf)             Command: <epstopdf --outfile=images/error_res1_all-eps-c
onverted-to.pdf images/error_res1_all.eps>
(epstopdf)             \includegraphics on input line 663.
Package epstopdf Info: Output file is already uptodate.
<images/error_res1_all-eps-converted-to.pdf, id=812, 433.62pt x 306.14375pt>
File: images/error_res1_all-eps-converted-to.pdf Graphic file (type pdf)
<use images/error_res1_all-eps-converted-to.pdf>
Package pdftex.def Info: images/error_res1_all-eps-converted-to.pdf  used on in
put line 663.
(pdftex.def)             Requested size: 298.75267pt x 210.93576pt.
Package epstopdf Info: Source file: <images/speeds.eps>
(epstopdf)                    date: 2018-06-08 09:43:56
(epstopdf)                    size: 1427223 bytes
(epstopdf)             Output file: <images/speeds-eps-converted-to.pdf>
(epstopdf)                    date: 2018-06-08 09:43:56
(epstopdf)                    size: 284056 bytes
(epstopdf)             Command: <epstopdf --outfile=images/speeds-eps-converted
-to.pdf images/speeds.eps>
(epstopdf)             \includegraphics on input line 673.
Package epstopdf Info: Output file is already uptodate.
<images/speeds-eps-converted-to.pdf, id=816, 445.665pt x 289.08pt>
File: images/speeds-eps-converted-to.pdf Graphic file (type pdf)
<use images/speeds-eps-converted-to.pdf>
Package pdftex.def Info: images/speeds-eps-converted-to.pdf  used on input line
 673.
(pdftex.def)             Requested size: 298.75267pt x 193.78845pt.

Overfull \hbox (45.67844pt too wide) in paragraph at lines 682--699
[][]
 []

[38] [39 <./images/original_marked.png>] [40 <./images/result_depth_from_focus_
res20-eps-converted-to.pdf>]
Package epstopdf Info: Source file: <images/epi_vs_gdepth.eps>
(epstopdf)                    date: 2018-06-08 09:43:55
(epstopdf)                    size: 16231804 bytes
(epstopdf)             Output file: <images/epi_vs_gdepth-eps-converted-to.pdf>

(epstopdf)                    date: 2018-06-08 09:43:55
(epstopdf)                    size: 1701735 bytes
(epstopdf)             Command: <epstopdf --outfile=images/epi_vs_gdepth-eps-co
nverted-to.pdf images/epi_vs_gdepth.eps>
(epstopdf)             \includegraphics on input line 707.
Package epstopdf Info: Output file is already uptodate.
<images/epi_vs_gdepth-eps-converted-to.pdf, id=902, 742.775pt x 722.7pt>
File: images/epi_vs_gdepth-eps-converted-to.pdf Graphic file (type pdf)
<use images/epi_vs_gdepth-eps-converted-to.pdf>
Package pdftex.def Info: images/epi_vs_gdepth-eps-converted-to.pdf  used on inp
ut line 707.
(pdftex.def)             Requested size: 426.7914pt x 415.26256pt.

Underfull \vbox (badness 10000) has occurred while \output is active []

 [41 <./images/error_res20_all-eps-converted-to.pdf>] [42 <./images/result_dept
h_from_focus_pre-eps-converted-to.pdf>] [43 <./images/error_res1_all-eps-conver
ted-to.pdf> <./images/speeds-eps-converted-to.pdf>] [44 <./images/epi_vs_gdepth
-eps-converted-to.pdf>]
<images/sandclock_results.png, id=1008, 730.73pt x 664.4825pt>
File: images/sandclock_results.png Graphic file (type png)
<use images/sandclock_results.png>
Package pdftex.def Info: images/sandclock_results.png  used on input line 721.
(pdftex.def)             Requested size: 426.7914pt x 388.09714pt.
Package epstopdf Info: Source file: <images/bilat.eps>
(epstopdf)                    date: 2018-06-08 09:43:54
(epstopdf)                    size: 178378 bytes
(epstopdf)             Output file: <images/bilat-eps-converted-to.pdf>
(epstopdf)                    date: 2018-06-08 09:43:54
(epstopdf)                    size: 63009 bytes
(epstopdf)             Command: <epstopdf --outfile=images/bilat-eps-converted-
to.pdf images/bilat.eps>
(epstopdf)             \includegraphics on input line 729.
Package epstopdf Info: Output file is already uptodate.
<images/bilat-eps-converted-to.pdf, id=1009, 462.72874pt x 359.3425pt>
File: images/bilat-eps-converted-to.pdf Graphic file (type pdf)
<use images/bilat-eps-converted-to.pdf>
Package pdftex.def Info: images/bilat-eps-converted-to.pdf  used on input line 
729.
(pdftex.def)             Requested size: 298.75267pt x 232.00716pt.
 [45] [46 <./images/sandclock_results.png>] [47 <./images/bilat-eps-converted-t
o.pdf>]
Package epstopdf Info: Source file: <images/bilateral_params.eps>
(epstopdf)                    date: 2018-06-08 09:43:55
(epstopdf)                    size: 131812 bytes
(epstopdf)             Output file: <images/bilateral_params-eps-converted-to.p
df>
(epstopdf)                    date: 2018-06-08 09:43:55
(epstopdf)                    size: 41748 bytes
(epstopdf)             Command: <epstopdf --outfile=images/bilateral_params-eps
-converted-to.pdf images/bilateral_params.eps>
(epstopdf)             \includegraphics on input line 747.
Package epstopdf Info: Output file is already uptodate.
<images/bilateral_params-eps-converted-to.pdf, id=1043, 444.66125pt x 289.08pt>

File: images/bilateral_params-eps-converted-to.pdf Graphic file (type pdf)
<use images/bilateral_params-eps-converted-to.pdf>
Package pdftex.def Info: images/bilateral_params-eps-converted-to.pdf  used on 
input line 747.
(pdftex.def)             Requested size: 298.75267pt x 194.22072pt.
Package epstopdf Info: Source file: <images/bilateral_norm_params.eps>
(epstopdf)                    date: 2018-06-08 09:43:55
(epstopdf)                    size: 141114 bytes
(epstopdf)             Output file: <images/bilateral_norm_params-eps-converted
-to.pdf>
(epstopdf)                    date: 2018-06-08 09:43:55
(epstopdf)                    size: 43730 bytes
(epstopdf)             Command: <epstopdf --outfile=images/bilateral_norm_param
s-eps-converted-to.pdf images/bilateral_norm_params.eps>
(epstopdf)             \includegraphics on input line 753.
Package epstopdf Info: Output file is already uptodate.
<images/bilateral_norm_params-eps-converted-to.pdf, id=1048, 444.66125pt x 289.
08pt>
File: images/bilateral_norm_params-eps-converted-to.pdf Graphic file (type pdf)

<use images/bilateral_norm_params-eps-converted-to.pdf>
Package pdftex.def Info: images/bilateral_norm_params-eps-converted-to.pdf  use
d on input line 753.
(pdftex.def)             Requested size: 298.75267pt x 194.22072pt.
<images/bilat_results-eps-converted-to.pdf, id=1053, 722.7pt x 722.7pt>
File: images/bilat_results-eps-converted-to.pdf Graphic file (type pdf)
<use images/bilat_results-eps-converted-to.pdf>
Package pdftex.def Info: images/bilat_results-eps-converted-to.pdf  used on inp
ut line 760.
(pdftex.def)             Requested size: 426.7914pt x 426.79732pt.
Package epstopdf Info: Source file: <images/thresh_params.eps>
(epstopdf)                    date: 2018-06-08 09:43:56
(epstopdf)                    size: 207894 bytes
(epstopdf)             Output file: <images/thresh_params-eps-converted-to.pdf>

(epstopdf)                    date: 2018-06-08 09:43:56
(epstopdf)                    size: 62076 bytes
(epstopdf)             Command: <epstopdf --outfile=images/thresh_params-eps-co
nverted-to.pdf images/thresh_params.eps>
(epstopdf)             \includegraphics on input line 773.
Package epstopdf Info: Output file is already uptodate.
<images/thresh_params-eps-converted-to.pdf, id=1062, 734.745pt x 224.84pt>
File: images/thresh_params-eps-converted-to.pdf Graphic file (type pdf)
<use images/thresh_params-eps-converted-to.pdf>
Package pdftex.def Info: images/thresh_params-eps-converted-to.pdf  used on inp
ut line 773.
(pdftex.def)             Requested size: 426.7914pt x 130.60626pt.
<images/thresh_results-eps-converted-to.pdf, id=1067, 722.7pt x 722.7pt>
File: images/thresh_results-eps-converted-to.pdf Graphic file (type pdf)
<use images/thresh_results-eps-converted-to.pdf>
Package pdftex.def Info: images/thresh_results-eps-converted-to.pdf  used on in
put line 779.
(pdftex.def)             Requested size: 426.7914pt x 426.79732pt.
 [48 <./images/bilateral_params-eps-converted-to.pdf>]
Underfull \vbox (badness 1152) has occurred while \output is active []

 [49 <./images/bilateral_norm_params-eps-converted-to.pdf>] [50 <./images/bilat
_results-eps-converted-to.pdf>]
Package epstopdf Info: Source file: <images/old_outer.eps>
(epstopdf)                    date: 2018-06-08 09:43:55
(epstopdf)                    size: 307636 bytes
(epstopdf)             Output file: <images/old_outer-eps-converted-to.pdf>
(epstopdf)                    date: 2018-06-08 09:43:55
(epstopdf)                    size: 88999 bytes
(epstopdf)             Command: <epstopdf --outfile=images/old_outer-eps-conver
ted-to.pdf images/old_outer.eps>
(epstopdf)             \includegraphics on input line 788.
Package epstopdf Info: Output file is already uptodate.
<images/old_outer-eps-converted-to.pdf, id=1128, 734.745pt x 452.69125pt>
File: images/old_outer-eps-converted-to.pdf Graphic file (type pdf)
<use images/old_outer-eps-converted-to.pdf>
Package pdftex.def Info: images/old_outer-eps-converted-to.pdf  used on input l
ine 788.
(pdftex.def)             Requested size: 426.7914pt x 262.96173pt.
Package epstopdf Info: Source file: <images/thresh_segm_morph.eps>
(epstopdf)                    date: 2018-06-08 09:43:57
(epstopdf)                    size: 431150 bytes
(epstopdf)             Output file: <images/thresh_segm_morph-eps-converted-to.
pdf>
(epstopdf)                    date: 2018-06-08 09:43:57
(epstopdf)                    size: 129269 bytes
(epstopdf)             Command: <epstopdf --outfile=images/thresh_segm_morph-ep
s-converted-to.pdf images/thresh_segm_morph.eps>
(epstopdf)             \includegraphics on input line 799.
Package epstopdf Info: Output file is already uptodate.
<images/thresh_segm_morph-eps-converted-to.pdf, id=1131, 736.7525pt x 452.69125
pt>
File: images/thresh_segm_morph-eps-converted-to.pdf Graphic file (type pdf)
<use images/thresh_segm_morph-eps-converted-to.pdf>
Package pdftex.def Info: images/thresh_segm_morph-eps-converted-to.pdf  used on
 input line 799.
(pdftex.def)             Requested size: 426.7914pt x 262.23645pt.
Class scrreprt Info: Workaround for not recommended usage of \\ or
(scrreprt)           \newlinein caption text  on input line 800.
 [51 <./images/thresh_params-eps-converted-to.pdf>] [52 <./images/thresh_result
s-eps-converted-to.pdf>]
<images/thresh_results_morph-eps-converted-to.pdf, id=1172, 722.7pt x 722.7pt>
File: images/thresh_results_morph-eps-converted-to.pdf Graphic file (type pdf)
<use images/thresh_results_morph-eps-converted-to.pdf>
Package pdftex.def Info: images/thresh_results_morph-eps-converted-to.pdf  used
 on input line 811.
(pdftex.def)             Requested size: 426.7914pt x 426.79732pt.
 [53 <./images/old_outer-eps-converted-to.pdf>] [54 <./images/thresh_segm_morph
-eps-converted-to.pdf>] [55 <./images/thresh_results_morph-eps-converted-to.pdf
>]
<images/thresh_vs_old_vs_newerror.png, id=1237, 370.986pt x 489.027pt>
File: images/thresh_vs_old_vs_newerror.png Graphic file (type png)
<use images/thresh_vs_old_vs_newerror.png>
Package pdftex.def Info: images/thresh_vs_old_vs_newerror.png  used on input li
ne 824.
(pdftex.def)             Requested size: 298.75267pt x 393.82634pt.
Package epstopdf Info: Source file: <images/old_vs_alternative.eps>
(epstopdf)                    date: 2018-10-13 21:22:54
(epstopdf)                    size: 41646809 bytes
(epstopdf)             Output file: <images/old_vs_alternative-eps-converted-to
.pdf>
(epstopdf)                    date: 2018-10-13 21:22:54
(epstopdf)                    size: 6769391 bytes
(epstopdf)             Command: <epstopdf --outfile=images/old_vs_alternative-e
ps-converted-to.pdf images/old_vs_alternative.eps>
(epstopdf)             \includegraphics on input line 834.
Package epstopdf Info: Output file is already uptodate.
<images/old_vs_alternative-eps-converted-to.pdf, id=1242, 651.43375pt x 484.811
25pt>
File: images/old_vs_alternative-eps-converted-to.pdf Graphic file (type pdf)
<use images/old_vs_alternative-eps-converted-to.pdf>
Package pdftex.def Info: images/old_vs_alternative-eps-converted-to.pdf  used o
n input line 834.
(pdftex.def)             Requested size: 426.7914pt x 317.63876pt.
Package epstopdf Info: Source file: <images/newerror_confidence.eps>
(epstopdf)                    date: 2018-10-13 21:22:53
(epstopdf)                    size: 233422 bytes
(epstopdf)             Output file: <images/newerror_confidence-eps-converted-t
o.pdf>
(epstopdf)                    date: 2018-10-13 21:22:53
(epstopdf)                    size: 17982 bytes
(epstopdf)             Command: <epstopdf --outfile=images/newerror_confidence-
eps-converted-to.pdf images/newerror_confidence.eps>
(epstopdf)             \includegraphics on input line 841.
Package epstopdf Info: Output file is already uptodate.
<images/newerror_confidence-eps-converted-to.pdf, id=1243, 433.62pt x 289.08pt>

File: images/newerror_confidence-eps-converted-to.pdf Graphic file (type pdf)
<use images/newerror_confidence-eps-converted-to.pdf>
Package pdftex.def Info: images/newerror_confidence-eps-converted-to.pdf  used 
on input line 841.
(pdftex.def)             Requested size: 426.7914pt x 284.54036pt.
Package epstopdf Info: Source file: <images/histogram_error_mask_old.eps>
(epstopdf)                    date: 2018-10-13 21:22:53
(epstopdf)                    size: 102309 bytes
(epstopdf)             Output file: <images/histogram_error_mask_old-eps-conver
ted-to.pdf>
(epstopdf)                    date: 2018-10-13 21:22:53
(epstopdf)                    size: 25267 bytes
(epstopdf)             Command: <epstopdf --outfile=images/histogram_error_mask
_old-eps-converted-to.pdf images/histogram_error_mask_old.eps>
(epstopdf)             \includegraphics on input line 850.
Package epstopdf Info: Output file is already uptodate.
<images/histogram_error_mask_old-eps-converted-to.pdf, id=1244, 722.7pt x 289.0
8pt>
File: images/histogram_error_mask_old-eps-converted-to.pdf Graphic file (type p
df)
<use images/histogram_error_mask_old-eps-converted-to.pdf>
Package pdftex.def Info: images/histogram_error_mask_old-eps-converted-to.pdf  
used on input line 850.
(pdftex.def)             Requested size: 426.7914pt x 170.71892pt.
Package epstopdf Info: Source file: <images/histogram_error_mask_new_err.eps>
(epstopdf)                    date: 2018-10-13 21:22:53
(epstopdf)                    size: 95003 bytes
(epstopdf)             Output file: <images/histogram_error_mask_new_err-eps-co
nverted-to.pdf>
(epstopdf)                    date: 2018-10-13 21:22:53
(epstopdf)                    size: 24136 bytes
(epstopdf)             Command: <epstopdf --outfile=images/histogram_error_mask
_new_err-eps-converted-to.pdf images/histogram_error_mask_new_err.eps>
(epstopdf)             \includegraphics on input line 857.
Package epstopdf Info: Output file is already uptodate.
<images/histogram_error_mask_new_err-eps-converted-to.pdf, id=1245, 722.7pt x 2
89.08pt>
File: images/histogram_error_mask_new_err-eps-converted-to.pdf Graphic file (ty
pe pdf)
<use images/histogram_error_mask_new_err-eps-converted-to.pdf>
Package pdftex.def Info: images/histogram_error_mask_new_err-eps-converted-to.p
df  used on input line 857.
(pdftex.def)             Requested size: 426.7914pt x 170.71892pt.
 [56] [57 <./images/thresh_vs_old_vs_newerror.png>] [58 <./images/old_vs_altern
ative-eps-converted-to.pdf>]
[59 <./images/newerror_confidence-eps-converted-to.pdf> <./images/histogram_err
or_mask_old-eps-converted-to.pdf>]
Package epstopdf Info: Source file: <images/choose_lower_results.eps>
(epstopdf)                    date: 2018-10-13 21:22:53
(epstopdf)                    size: 15845588 bytes
(epstopdf)             Output file: <images/choose_lower_results-eps-converted-
to.pdf>
(epstopdf)                    date: 2018-10-13 21:22:53
(epstopdf)                    size: 336423 bytes
(epstopdf)             Command: <epstopdf --outfile=images/choose_lower_results
-eps-converted-to.pdf images/choose_lower_results.eps>
(epstopdf)             \includegraphics on input line 870.
Package epstopdf Info: Output file is already uptodate.
<images/choose_lower_results-eps-converted-to.pdf, id=1372, 722.7pt x 722.7pt>
File: images/choose_lower_results-eps-converted-to.pdf Graphic file (type pdf)
<use images/choose_lower_results-eps-converted-to.pdf>
Package pdftex.def Info: images/choose_lower_results-eps-converted-to.pdf  used
 on input line 870.
(pdftex.def)             Requested size: 426.7914pt x 426.79732pt.
Package epstopdf Info: Source file: <images/choose_lower_params.eps>
(epstopdf)                    date: 2018-10-13 21:22:53
(epstopdf)                    size: 226134 bytes
(epstopdf)             Output file: <images/choose_lower_params-eps-converted-t
o.pdf>
(epstopdf)                    date: 2018-10-13 21:22:53
(epstopdf)                    size: 16165 bytes
(epstopdf)             Command: <epstopdf --outfile=images/choose_lower_params-
eps-converted-to.pdf images/choose_lower_params.eps>
(epstopdf)             \includegraphics on input line 877.
Package epstopdf Info: Output file is already uptodate.
<images/choose_lower_params-eps-converted-to.pdf, id=1375, 722.7pt x 216.81pt>
File: images/choose_lower_params-eps-converted-to.pdf Graphic file (type pdf)
<use images/choose_lower_params-eps-converted-to.pdf>
Package pdftex.def Info: images/choose_lower_params-eps-converted-to.pdf  used 
on input line 877.
(pdftex.def)             Requested size: 426.7914pt x 128.03918pt.
Package epstopdf Info: Source file: <images/choose_lower_params_thresh.eps>
(epstopdf)                    date: 2018-10-13 21:22:53
(epstopdf)                    size: 161819 bytes
(epstopdf)             Output file: <images/choose_lower_params_thresh-eps-conv
erted-to.pdf>
(epstopdf)                    date: 2018-10-13 21:22:53
(epstopdf)                    size: 49425 bytes
(epstopdf)             Command: <epstopdf --outfile=images/choose_lower_params_
thresh-eps-converted-to.pdf images/choose_lower_params_thresh.eps>
(epstopdf)             \includegraphics on input line 885.
Package epstopdf Info: Output file is already uptodate.
<images/choose_lower_params_thresh-eps-converted-to.pdf, id=1376, 734.745pt x 2
24.84pt>
File: images/choose_lower_params_thresh-eps-converted-to.pdf Graphic file (type
 pdf)
<use images/choose_lower_params_thresh-eps-converted-to.pdf>
Package pdftex.def Info: images/choose_lower_params_thresh-eps-converted-to.pdf
  used on input line 885.
(pdftex.def)             Requested size: 426.7914pt x 130.60626pt.

Underfull \vbox (badness 10000) has occurred while \output is active []

 [60 <./images/histogram_error_mask_new_err-eps-converted-to.pdf>] [61 <./image
s/choose_lower_results-eps-converted-to.pdf>] [62 <./images/choose_lower_params
-eps-converted-to.pdf> <./images/choose_lower_params_thresh-eps-converted-to.pd
f>]
Package epstopdf Info: Source file: <images/sgm_results_thresh.eps>
(epstopdf)                    date: 2018-10-13 21:22:55
(epstopdf)                    size: 2866530 bytes
(epstopdf)             Output file: <images/sgm_results_thresh-eps-converted-to
.pdf>
(epstopdf)                    date: 2018-10-13 21:22:55
(epstopdf)                    size: 197282 bytes
(epstopdf)             Command: <epstopdf --outfile=images/sgm_results_thresh-e
ps-converted-to.pdf images/sgm_results_thresh.eps>
(epstopdf)             \includegraphics on input line 906.
Package epstopdf Info: Output file is already uptodate.
<images/sgm_results_thresh-eps-converted-to.pdf, id=1490, 425.59pt x 603.25375p
t>
File: images/sgm_results_thresh-eps-converted-to.pdf Graphic file (type pdf)
<use images/sgm_results_thresh-eps-converted-to.pdf>
Package pdftex.def Info: images/sgm_results_thresh-eps-converted-to.pdf  used o
n input line 906.
(pdftex.def)             Requested size: 426.7914pt x 604.99199pt.


LaTeX Warning: Float too large for page by 23.99197pt on input line 909.

Package epstopdf Info: Source file: <images/sgm_coherence_thresh.eps>
(epstopdf)                    date: 2018-10-13 21:22:55
(epstopdf)                    size: 5336317 bytes
(epstopdf)             Output file: <images/sgm_coherence_thresh-eps-converted-
to.pdf>
(epstopdf)                    date: 2018-10-13 21:50:58
(epstopdf)                    size: 1068844 bytes
(epstopdf)             Command: <epstopdf --outfile=images/sgm_coherence_thresh
-eps-converted-to.pdf images/sgm_coherence_thresh.eps>
(epstopdf)             \includegraphics on input line 921.
Package epstopdf Info: Output file is already uptodate.
<images/sgm_coherence_thresh-eps-converted-to.pdf, id=1495, 651.43375pt x 501.8
75pt>
File: images/sgm_coherence_thresh-eps-converted-to.pdf Graphic file (type pdf)
<use images/sgm_coherence_thresh-eps-converted-to.pdf>
Package pdftex.def Info: images/sgm_coherence_thresh-eps-converted-to.pdf  used
 on input line 921.
(pdftex.def)             Requested size: 426.7914pt x 328.81859pt.
Package epstopdf Info: Source file: <images/histogram_error_mask_sgm.eps>
(epstopdf)                    date: 2018-10-13 21:22:53
(epstopdf)                    size: 93513 bytes
(epstopdf)             Output file: <images/histogram_error_mask_sgm-eps-conver
ted-to.pdf>
(epstopdf)                    date: 2018-10-13 21:22:53
(epstopdf)                    size: 23007 bytes
(epstopdf)             Command: <epstopdf --outfile=images/histogram_error_mask
_sgm-eps-converted-to.pdf images/histogram_error_mask_sgm.eps>
(epstopdf)             \includegraphics on input line 930.
Package epstopdf Info: Output file is already uptodate.
<images/histogram_error_mask_sgm-eps-converted-to.pdf, id=1496, 722.7pt x 289.0
8pt>
File: images/histogram_error_mask_sgm-eps-converted-to.pdf Graphic file (type p
df)
<use images/histogram_error_mask_sgm-eps-converted-to.pdf>
Package pdftex.def Info: images/histogram_error_mask_sgm-eps-converted-to.pdf  
used on input line 930.
(pdftex.def)             Requested size: 426.7914pt x 170.71892pt.

Underfull \hbox (badness 10000) in paragraph at lines 937--939

 []

[63] [64 <./images/sgm_results_thresh-eps-converted-to.pdf>] [65 <./images/sgm_
coherence_thresh-eps-converted-to.pdf> <./images/histogram_error_mask_sgm-eps-c
onverted-to.pdf>]
Package epstopdf Info: Source file: <images/choose_lower_sgm_ppr_windowsize_5.e
ps>
(epstopdf)                    date: 2018-10-13 21:22:53
(epstopdf)                    size: 221281 bytes
(epstopdf)             Output file: <images/choose_lower_sgm_ppr_windowsize_5-e
ps-converted-to.pdf>
(epstopdf)                    date: 2018-10-13 21:22:53
(epstopdf)                    size: 15996 bytes
(epstopdf)             Command: <epstopdf --outfile=images/choose_lower_sgm_ppr
_windowsize_5-eps-converted-to.pdf images/choose_lower_sgm_ppr_windowsize_5.eps
>
(epstopdf)             \includegraphics on input line 943.
Package epstopdf Info: Output file is already uptodate.
<images/choose_lower_sgm_ppr_windowsize_5-eps-converted-to.pdf, id=1585, 722.7p
t x 216.81pt>
File: images/choose_lower_sgm_ppr_windowsize_5-eps-converted-to.pdf Graphic fil
e (type pdf)
<use images/choose_lower_sgm_ppr_windowsize_5-eps-converted-to.pdf>
Package pdftex.def Info: images/choose_lower_sgm_ppr_windowsize_5-eps-converted
-to.pdf  used on input line 943.
(pdftex.def)             Requested size: 426.7914pt x 128.03918pt.


LaTeX Warning: Reference `sec:realdata' on page 66 undefined on input line 949.


Package epstopdf Info: Source file: <images/choose_lower_sgm_ppr.eps>
(epstopdf)                    date: 2018-10-13 21:22:53
(epstopdf)                    size: 225476 bytes
(epstopdf)             Output file: <images/choose_lower_sgm_ppr-eps-converted-
to.pdf>
(epstopdf)                    date: 2018-10-13 21:22:53
(epstopdf)                    size: 16278 bytes
(epstopdf)             Command: <epstopdf --outfile=images/choose_lower_sgm_ppr
-eps-converted-to.pdf images/choose_lower_sgm_ppr.eps>
(epstopdf)             \includegraphics on input line 952.
Package epstopdf Info: Output file is already uptodate.
<images/choose_lower_sgm_ppr-eps-converted-to.pdf, id=1589, 722.7pt x 216.81pt>

File: images/choose_lower_sgm_ppr-eps-converted-to.pdf Graphic file (type pdf)
<use images/choose_lower_sgm_ppr-eps-converted-to.pdf>
Package pdftex.def Info: images/choose_lower_sgm_ppr-eps-converted-to.pdf  used
 on input line 952.
(pdftex.def)             Requested size: 426.7914pt x 128.03918pt.

Underfull \hbox (badness 6300) in paragraph at lines 953--953
[][][]\T1/cmr/m/n/12 Alternative Merg-ing with SGM Post-pro-cess-ing. Left/Righ
t:
 []

Package epstopdf Info: Source file: <images/choose_lower_sgm_ppr_thresh.eps>
(epstopdf)                    date: 2018-10-13 21:22:53
(epstopdf)                    size: 225483 bytes
(epstopdf)             Output file: <images/choose_lower_sgm_ppr_thresh-eps-con
verted-to.pdf>
(epstopdf)                    date: 2018-10-13 21:22:53
(epstopdf)                    size: 16301 bytes
(epstopdf)             Command: <epstopdf --outfile=images/choose_lower_sgm_ppr
_thresh-eps-converted-to.pdf images/choose_lower_sgm_ppr_thresh.eps>
(epstopdf)             \includegraphics on input line 962.
Package epstopdf Info: Output file is already uptodate.
<images/choose_lower_sgm_ppr_thresh-eps-converted-to.pdf, id=1597, 722.7pt x 21
6.81pt>
File: images/choose_lower_sgm_ppr_thresh-eps-converted-to.pdf Graphic file (typ
e pdf)
<use images/choose_lower_sgm_ppr_thresh-eps-converted-to.pdf>
Package pdftex.def Info: images/choose_lower_sgm_ppr_thresh-eps-converted-to.pd
f  used on input line 962.
(pdftex.def)             Requested size: 426.7914pt x 128.03918pt.
Package epstopdf Info: Source file: <images/choose_lower_sgm_ppr_contour_mse_10
0.eps>
(epstopdf)                    date: 2018-10-13 21:22:53
(epstopdf)                    size: 1390853 bytes
(epstopdf)             Output file: <images/choose_lower_sgm_ppr_contour_mse_10
0-eps-converted-to.pdf>
(epstopdf)                    date: 2018-10-13 21:22:53
(epstopdf)                    size: 372606 bytes
(epstopdf)             Command: <epstopdf --outfile=images/choose_lower_sgm_ppr
_contour_mse_100-eps-converted-to.pdf images/choose_lower_sgm_ppr_contour_mse_1
00.eps>
(epstopdf)             \includegraphics on input line 970.
Package epstopdf Info: Output file is already uptodate.
<images/choose_lower_sgm_ppr_contour_mse_100-eps-converted-to.pdf, id=1602, 722
.7pt x 216.81pt>
File: images/choose_lower_sgm_ppr_contour_mse_100-eps-converted-to.pdf Graphic 
file (type pdf)
<use images/choose_lower_sgm_ppr_contour_mse_100-eps-converted-to.pdf>
Package pdftex.def Info: images/choose_lower_sgm_ppr_contour_mse_100-eps-conver
ted-to.pdf  used on input line 970.
(pdftex.def)             Requested size: 426.7914pt x 128.03918pt.
[66 <./images/choose_lower_sgm_ppr_windowsize_5-eps-converted-to.pdf>]
Underfull \vbox (badness 1107) has occurred while \output is active []

 [67 <./images/choose_lower_sgm_ppr-eps-converted-to.pdf> <./images/choose_lowe
r_sgm_ppr_thresh-eps-converted-to.pdf>]
Package epstopdf Info: Source file: <images/choose_lower_sgm_ppr_contour_badpix
_0070.eps>
(epstopdf)                    date: 2018-10-13 21:22:53
(epstopdf)                    size: 1498567 bytes
(epstopdf)             Output file: <images/choose_lower_sgm_ppr_contour_badpix
_0070-eps-converted-to.pdf>
(epstopdf)                    date: 2018-10-13 21:22:53
(epstopdf)                    size: 389444 bytes
(epstopdf)             Command: <epstopdf --outfile=images/choose_lower_sgm_ppr
_contour_badpix_0070-eps-converted-to.pdf images/choose_lower_sgm_ppr_contour_b
adpix_0070.eps>
(epstopdf)             \includegraphics on input line 977.
Package epstopdf Info: Output file is already uptodate.
<images/choose_lower_sgm_ppr_contour_badpix_0070-eps-converted-to.pdf, id=1653,
 722.7pt x 216.81pt>
File: images/choose_lower_sgm_ppr_contour_badpix_0070-eps-converted-to.pdf Grap
hic file (type pdf)
<use images/choose_lower_sgm_ppr_contour_badpix_0070-eps-converted-to.pdf>
Package pdftex.def Info: images/choose_lower_sgm_ppr_contour_badpix_0070-eps-co
nverted-to.pdf  used on input line 977.
(pdftex.def)             Requested size: 426.7914pt x 128.03918pt.
Package epstopdf Info: Source file: <images/choose_lower_sgm_ppr_contour_discon
tinuities_0070.eps>
(epstopdf)                    date: 2018-10-13 21:22:53
(epstopdf)                    size: 1462285 bytes
(epstopdf)             Output file: <images/choose_lower_sgm_ppr_contour_discon
tinuities_0070-eps-converted-to.pdf>
(epstopdf)                    date: 2018-10-13 21:22:53
(epstopdf)                    size: 401570 bytes
(epstopdf)             Command: <epstopdf --outfile=images/choose_lower_sgm_ppr
_contour_discontinuities_0070-eps-converted-to.pdf images/choose_lower_sgm_ppr_
contour_discontinuities_0070.eps>
(epstopdf)             \includegraphics on input line 984.
Package epstopdf Info: Output file is already uptodate.
<images/choose_lower_sgm_ppr_contour_discontinuities_0070-eps-converted-to.pdf,
 id=1654, 722.7pt x 216.81pt>
File: images/choose_lower_sgm_ppr_contour_discontinuities_0070-eps-converted-to
.pdf Graphic file (type pdf)
<use images/choose_lower_sgm_ppr_contour_discontinuities_0070-eps-converted-to.
pdf>
Package pdftex.def Info: images/choose_lower_sgm_ppr_contour_discontinuities_00
70-eps-converted-to.pdf  used on input line 984.
(pdftex.def)             Requested size: 426.7914pt x 128.03918pt.
Package epstopdf Info: Source file: <images/iteration_cost_cotton.eps>
(epstopdf)                    date: 2018-10-13 21:22:53
(epstopdf)                    size: 1672405 bytes
(epstopdf)             Output file: <images/iteration_cost_cotton-eps-converted
-to.pdf>
(epstopdf)                    date: 2018-10-13 21:22:53
(epstopdf)                    size: 69067 bytes
(epstopdf)             Command: <epstopdf --outfile=images/iteration_cost_cotto
n-eps-converted-to.pdf images/iteration_cost_cotton.eps>
(epstopdf)             \includegraphics on input line 992.
Package epstopdf Info: Output file is already uptodate.
<images/iteration_cost_cotton-eps-converted-to.pdf, id=1658, 722.7pt x 578.16pt
>
File: images/iteration_cost_cotton-eps-converted-to.pdf Graphic file (type pdf)

<use images/iteration_cost_cotton-eps-converted-to.pdf>
Package pdftex.def Info: images/iteration_cost_cotton-eps-converted-to.pdf  use
d on input line 992.
(pdftex.def)             Requested size: 426.7914pt x 341.43785pt.
Package epstopdf Info: Source file: <images/choose_lower_sgm_ppr_merge_iteratio
ns.eps>
(epstopdf)                    date: 2018-10-13 21:22:53
(epstopdf)                    size: 223072 bytes
(epstopdf)             Output file: <images/choose_lower_sgm_ppr_merge_iteratio
ns-eps-converted-to.pdf>
(epstopdf)                    date: 2018-10-13 21:22:53
(epstopdf)                    size: 15929 bytes
(epstopdf)             Command: <epstopdf --outfile=images/choose_lower_sgm_ppr
_merge_iterations-eps-converted-to.pdf images/choose_lower_sgm_ppr_merge_iterat
ions.eps>
(epstopdf)             \includegraphics on input line 1000.
Package epstopdf Info: Output file is already uptodate.
<images/choose_lower_sgm_ppr_merge_iterations-eps-converted-to.pdf, id=1663, 72
2.7pt x 216.81pt>
File: images/choose_lower_sgm_ppr_merge_iterations-eps-converted-to.pdf Graphic
 file (type pdf)
<use images/choose_lower_sgm_ppr_merge_iterations-eps-converted-to.pdf>
Package pdftex.def Info: images/choose_lower_sgm_ppr_merge_iterations-eps-conve
rted-to.pdf  used on input line 1000.
(pdftex.def)             Requested size: 426.7914pt x 128.03918pt.
 [68 <./images/choose_lower_sgm_ppr_contour_mse_100-eps-converted-to.pdf> <./im
ages/choose_lower_sgm_ppr_contour_badpix_0070-eps-converted-to.pdf>] [69 <./ima
ges/choose_lower_sgm_ppr_contour_discontinuities_0070-eps-converted-to.pdf> <./
images/iteration_cost_cotton-eps-converted-to.pdf>]
Package epstopdf Info: Source file: <images/choose_lower_sgm_ppr_merge_iteratio
ns_exp_penalty1.eps>
(epstopdf)                    date: 2018-10-13 21:22:53
(epstopdf)                    size: 226793 bytes
(epstopdf)             Output file: <images/choose_lower_sgm_ppr_merge_iteratio
ns_exp_penalty1-eps-converted-to.pdf>
(epstopdf)                    date: 2018-10-13 21:22:53
(epstopdf)                    size: 16699 bytes
(epstopdf)             Command: <epstopdf --outfile=images/choose_lower_sgm_ppr
_merge_iterations_exp_penalty1-eps-converted-to.pdf images/choose_lower_sgm_ppr
_merge_iterations_exp_penalty1.eps>
(epstopdf)             \includegraphics on input line 1008.
Package epstopdf Info: Output file is already uptodate.
<images/choose_lower_sgm_ppr_merge_iterations_exp_penalty1-eps-converted-to.pdf
, id=1739, 722.7pt x 216.81pt>
File: images/choose_lower_sgm_ppr_merge_iterations_exp_penalty1-eps-converted-t
o.pdf Graphic file (type pdf)
<use images/choose_lower_sgm_ppr_merge_iterations_exp_penalty1-eps-converted-to
.pdf>
Package pdftex.def Info: images/choose_lower_sgm_ppr_merge_iterations_exp_penal
ty1-eps-converted-to.pdf  used on input line 1008.
(pdftex.def)             Requested size: 426.7914pt x 128.03918pt.

[70 <./images/choose_lower_sgm_ppr_merge_iterations-eps-converted-to.pdf>]
Package epstopdf Info: Source file: <images/image_sequence_realdata.eps>
(epstopdf)                    date: 2018-10-13 21:22:53
(epstopdf)                    size: 5550222 bytes
(epstopdf)             Output file: <images/image_sequence_realdata-eps-convert
ed-to.pdf>
(epstopdf)                    date: 2018-10-13 21:22:53
(epstopdf)                    size: 71296 bytes
(epstopdf)             Command: <epstopdf --outfile=images/image_sequence_reald
ata-eps-converted-to.pdf images/image_sequence_realdata.eps>
(epstopdf)             \includegraphics on input line 1020.
Package epstopdf Info: Output file is already uptodate.
<images/image_sequence_realdata-eps-converted-to.pdf, id=1761, 1084.05pt x 361.
35pt>
File: images/image_sequence_realdata-eps-converted-to.pdf Graphic file (type pd
f)
<use images/image_sequence_realdata-eps-converted-to.pdf>
Package pdftex.def Info: images/image_sequence_realdata-eps-converted-to.pdf  u
sed on input line 1020.
(pdftex.def)             Requested size: 426.7914pt x 142.26578pt.
Package epstopdf Info: Source file: <images/truck_realdata_small.eps>
(epstopdf)                    date: 2018-10-13 21:22:55
(epstopdf)                    size: 742444 bytes
(epstopdf)             Output file: <images/truck_realdata_small-eps-converted-
to.pdf>
(epstopdf)                    date: 2018-10-13 21:22:55
(epstopdf)                    size: 27946 bytes
(epstopdf)             Command: <epstopdf --outfile=images/truck_realdata_small
-eps-converted-to.pdf images/truck_realdata_small.eps>
(epstopdf)             \includegraphics on input line 1029.
Package epstopdf Info: Output file is already uptodate.
<images/truck_realdata_small-eps-converted-to.pdf, id=1764, 722.7pt x 722.7pt>
File: images/truck_realdata_small-eps-converted-to.pdf Graphic file (type pdf)
<use images/truck_realdata_small-eps-converted-to.pdf>
Package pdftex.def Info: images/truck_realdata_small-eps-converted-to.pdf  used
 on input line 1029.
(pdftex.def)             Requested size: 426.7914pt x 426.79732pt.

Overfull \hbox (29.53543pt too wide) in paragraph at lines 1036--1083
[][] 
 []

[71 <./images/choose_lower_sgm_ppr_merge_iterations_exp_penalty1-eps-converted-
to.pdf>] [72 <./images/image_sequence_realdata-eps-converted-to.pdf>] [73 <./im
ages/truck_realdata_small-eps-converted-to.pdf>]
part I.
Package scrkbase Info: You've told me to use the font selection of the element
(scrkbase)             `partprefix' that is an alias of element `partnumber'
(scrkbase)              on input line 1088.
[74

]

Class scrreprt Warning: You are using `\begin{appendix}...\end{appendix}'.
(scrreprt)              You should note, that `\appendix' is a mostly globally
(scrreprt)              working command not an enviroment with only local
(scrreprt)              effects. Therefore `\end{appendix}' will neither
(scrreprt)              switch back to normal section numbering nor finish
(scrreprt)              every other effect of `\begin{appendix}'.
(scrreprt)              Nevertheless, some effects may end with
(scrreprt)              `\end{appendix}' and the document may become
(scrreprt)              inconsistent.
(scrreprt)              Because of this, you should remove `\end{appendix}'
(scrreprt)              and replace `\begin{appendix}' by command
(scrreprt)              `\appendix' on input line 1089.

chapter A.
[75

]
chapter B.
Package epstopdf Info: Source file: <images/sgm_param_contour.eps>
(epstopdf)                    date: 2018-06-08 09:43:56
(epstopdf)                    size: 2439507 bytes
(epstopdf)             Output file: <images/sgm_param_contour-eps-converted-to.
pdf>
(epstopdf)                    date: 2018-07-18 16:34:57
(epstopdf)                    size: 667872 bytes
(epstopdf)             Command: <epstopdf --outfile=images/sgm_param_contour-ep
s-converted-to.pdf images/sgm_param_contour.eps>
(epstopdf)             \includegraphics on input line 1125.
Package epstopdf Info: Output file is already uptodate.
<images/sgm_param_contour-eps-converted-to.pdf, id=1849, 1084.05pt x 216.81pt>
File: images/sgm_param_contour-eps-converted-to.pdf Graphic file (type pdf)
<use images/sgm_param_contour-eps-converted-to.pdf>
Package pdftex.def Info: images/sgm_param_contour-eps-converted-to.pdf  used on
 input line 1125.
(pdftex.def)             Requested size: 426.7914pt x 85.35945pt.
Package epstopdf Info: Source file: <images/sgm_params_contour_mse_100.eps>
(epstopdf)                    date: 2018-06-08 09:43:56
(epstopdf)                    size: 7839436 bytes
(epstopdf)             Output file: <images/sgm_params_contour_mse_100-eps-conv
erted-to.pdf>
(epstopdf)                    date: 2018-06-08 09:43:56
(epstopdf)                    size: 2129916 bytes
(epstopdf)             Command: <epstopdf --outfile=images/sgm_params_contour_m
se_100-eps-converted-to.pdf images/sgm_params_contour_mse_100.eps>
(epstopdf)             \includegraphics on input line 1132.
Package epstopdf Info: Output file is already uptodate.
<images/sgm_params_contour_mse_100-eps-converted-to.pdf, id=1850, 722.7pt x 722
.7pt>
File: images/sgm_params_contour_mse_100-eps-converted-to.pdf Graphic file (type
 pdf)
<use images/sgm_params_contour_mse_100-eps-converted-to.pdf>
Package pdftex.def Info: images/sgm_params_contour_mse_100-eps-converted-to.pdf
  used on input line 1132.
(pdftex.def)             Requested size: 426.7914pt x 426.79732pt.
Package epstopdf Info: Source file: <images/sgm_params_contour_discontinuities_
0070.eps>
(epstopdf)                    date: 2018-06-08 09:43:56
(epstopdf)                    size: 7762453 bytes
(epstopdf)             Output file: <images/sgm_params_contour_discontinuities_
0070-eps-converted-to.pdf>
(epstopdf)                    date: 2018-06-08 09:43:56
(epstopdf)                    size: 2190125 bytes
(epstopdf)             Command: <epstopdf --outfile=images/sgm_params_contour_d
iscontinuities_0070-eps-converted-to.pdf images/sgm_params_contour_discontinuit
ies_0070.eps>
(epstopdf)             \includegraphics on input line 1139.
Package epstopdf Info: Output file is already uptodate.
<images/sgm_params_contour_discontinuities_0070-eps-converted-to.pdf, id=1851, 
722.7pt x 722.7pt>
File: images/sgm_params_contour_discontinuities_0070-eps-converted-to.pdf Graph
ic file (type pdf)
<use images/sgm_params_contour_discontinuities_0070-eps-converted-to.pdf>
Package pdftex.def Info: images/sgm_params_contour_discontinuities_0070-eps-con
verted-to.pdf  used on input line 1139.
(pdftex.def)             Requested size: 426.7914pt x 426.79732pt.
Package epstopdf Info: Source file: <images/sgm_params_contour_mae_planes.eps>
(epstopdf)                    date: 2018-06-08 09:43:56
(epstopdf)                    size: 3495443 bytes
(epstopdf)             Output file: <images/sgm_params_contour_mae_planes-eps-c
onverted-to.pdf>
(epstopdf)                    date: 2018-06-08 09:43:56
(epstopdf)                    size: 770850 bytes
(epstopdf)             Command: <epstopdf --outfile=images/sgm_params_contour_m
ae_planes-eps-converted-to.pdf images/sgm_params_contour_mae_planes.eps>
(epstopdf)             \includegraphics on input line 1146.
Package epstopdf Info: Output file is already uptodate.
<images/sgm_params_contour_mae_planes-eps-converted-to.pdf, id=1852, 722.7pt x 
722.7pt>
File: images/sgm_params_contour_mae_planes-eps-converted-to.pdf Graphic file (t
ype pdf)
<use images/sgm_params_contour_mae_planes-eps-converted-to.pdf>
Package pdftex.def Info: images/sgm_params_contour_mae_planes-eps-converted-to.
pdf  used on input line 1146.
(pdftex.def)             Requested size: 426.7914pt x 426.79732pt.
Package epstopdf Info: Source file: <images/histogram_error_mask_perfect.eps>
(epstopdf)                    date: 2018-10-13 21:22:53
(epstopdf)                    size: 96176 bytes
(epstopdf)             Output file: <images/histogram_error_mask_perfect-eps-co
nverted-to.pdf>
(epstopdf)                    date: 2018-10-13 21:22:53
(epstopdf)                    size: 24609 bytes
(epstopdf)             Command: <epstopdf --outfile=images/histogram_error_mask
_perfect-eps-converted-to.pdf images/histogram_error_mask_perfect.eps>
(epstopdf)             \includegraphics on input line 1153.
Package epstopdf Info: Output file is already uptodate.
<images/histogram_error_mask_perfect-eps-converted-to.pdf, id=1853, 722.7pt x 2
89.08pt>
File: images/histogram_error_mask_perfect-eps-converted-to.pdf Graphic file (ty
pe pdf)
<use images/histogram_error_mask_perfect-eps-converted-to.pdf>
Package pdftex.def Info: images/histogram_error_mask_perfect-eps-converted-to.p
df  used on input line 1153.
(pdftex.def)             Requested size: 426.7914pt x 170.71892pt.
Package epstopdf Info: Source file: <images/histogram_error_mask_random.eps>
(epstopdf)                    date: 2018-10-13 21:22:53
(epstopdf)                    size: 99253 bytes
(epstopdf)             Output file: <images/histogram_error_mask_random-eps-con
verted-to.pdf>
(epstopdf)                    date: 2018-10-13 21:22:53
(epstopdf)                    size: 23470 bytes
(epstopdf)             Command: <epstopdf --outfile=images/histogram_error_mask
_random-eps-converted-to.pdf images/histogram_error_mask_random.eps>
(epstopdf)             \includegraphics on input line 1160.
Package epstopdf Info: Output file is already uptodate.
<images/histogram_error_mask_random-eps-converted-to.pdf, id=1854, 722.7pt x 28
9.08pt>
File: images/histogram_error_mask_random-eps-converted-to.pdf Graphic file (typ
e pdf)
<use images/histogram_error_mask_random-eps-converted-to.pdf>
Package pdftex.def Info: images/histogram_error_mask_random-eps-converted-to.pd
f  used on input line 1160.
(pdftex.def)             Requested size: 426.7914pt x 170.71892pt.

Package hyperref Warning: Difference (2) between bookmark levels is greater 
(hyperref)                than one, level fixed on input line 1164.

Package epstopdf Info: Source file: <images/truck_realdata.eps>
(epstopdf)                    date: 2018-10-13 21:22:55
(epstopdf)                    size: 1049266 bytes
(epstopdf)             Output file: <images/truck_realdata-eps-converted-to.pdf
>
(epstopdf)                    date: 2018-10-13 21:22:55
(epstopdf)                    size: 29006 bytes
(epstopdf)             Command: <epstopdf --outfile=images/truck_realdata-eps-c
onverted-to.pdf images/truck_realdata.eps>
(epstopdf)             \includegraphics on input line 1167.
Package epstopdf Info: Output file is already uptodate.
<images/truck_realdata-eps-converted-to.pdf, id=1855, 722.7pt x 2168.1pt>
File: images/truck_realdata-eps-converted-to.pdf Graphic file (type pdf)
<use images/truck_realdata-eps-converted-to.pdf>
Package pdftex.def Info: images/truck_realdata-eps-converted-to.pdf  used on in
put line 1167.
(pdftex.def)             Requested size: 426.7914pt x 1280.392pt.

LaTeX Warning: Float too large for page by 673.74203pt on input line 1170.

[76

 <./images/sgm_param_contour-eps-converted-to.pdf>] [77 <./images/sgm_params_co
ntour_mse_100-eps-converted-to.pdf>] [78 <./images/sgm_params_contour_discontin
uities_0070-eps-converted-to.pdf>] [79 <./images/sgm_params_contour_mae_planes-
eps-converted-to.pdf>] [80 <./images/histogram_error_mask_perfect-eps-converted
-to.pdf> <./images/histogram_error_mask_random-eps-converted-to.pdf>]
[81 <./images/truck_realdata-eps-converted-to.pdf>]
chapter C.
(MA.lof [82

]
Overfull \hbox (0.87521pt too wide) in paragraph at lines 55--55
 [][] [][][]\T1/cmr/m/n/12 Parameter de-pen-dence for Pospro-cess-ing SGM us-in
g al-ter-na-tive merg- 
 []

)
\tf@lof=\write5
\openout5 = `MA.lof'.

 (MA.lot)
\tf@lot=\write6
\openout6 = `MA.lot'.

 (MA.bbl [83]
chapter D.
LaTeX Font Info:    Try loading font information for T1+cmtt on input line 10.
("C:\Program Files\MiKTeX 2.9\tex\latex\base\t1cmtt.fd"
File: t1cmtt.fd 2014/09/29 v2.5h Standard LaTeX font definitions
)
Underfull \hbox (badness 10000) in paragraph at lines 19--23
[]\T1/cmr/m/n/12 what-when-how.com.  [][]$\T1/cmtt/m/n/12 http : / / what-[]whe
n-[]how .
 []


Underfull \hbox (badness 10000) in paragraph at lines 19--23
\T1/cmtt/m/n/12 com / introduction-[]to-[]video-[]and-[]image-[]processing /
 []


Underfull \hbox (badness 10000) in paragraph at lines 19--23
\T1/cmtt/m/n/12 morphology-[]introduction-[]to-[]video-[]and-[]image-[]processi
ng-[]part-[]2/$[][]\T1/cmr/m/n/12 .
 []

[84

]) [85]
\openout2 = `deposition.aux'.

 (deposition.tex) [86

]

Package natbib Warning: There were undefined citations.

Package atveryend Info: Empty hook `BeforeClearDocument' on input line 1179.
Package atveryend Info: Empty hook `AfterLastShipout' on input line 1179.
(MA.aux (titlepages-ger.aux) (titlepages-eng.aux) (abstracts.aux)
(deposition.aux))
Package atveryend Info: Executing hook `AtVeryEndDocument' on input line 1179.
Package atveryend Info: Executing hook `AtEndAfterFileList' on input line 1179.

Package rerunfilecheck Info: File `MA.out' has not changed.
(rerunfilecheck)             Checksum: CFBC8416A4308A14E5E7FBB5F7EE1698;4023.


LaTeX Warning: There were undefined references.


LaTeX Warning: There were multiply-defined labels.

Package atveryend Info: Empty hook `AtVeryVeryEnd' on input line 1179.
 ) 
Here is how much of TeX's memory you used:
 10695 strings out of 493305
 177254 string characters out of 3138874
 362338 words of memory out of 3000000
 13669 multiletter control sequences out of 15000+200000
 22376 words of font info for 51 fonts, out of 3000000 for 9000
 1141 hyphenation exceptions out of 8191
 46i,18n,80p,9083b,613s stack positions out of 5000i,500n,10000p,200000b,50000s
 <C:\Users\Jacob\AppData\Local\MiKTeX\2.9\fonts\pk\ljfour\jknappen\ec\dpi600\
ectt1200.pk> <C:\Users\Jacob\AppData\Local\MiKTeX\2.9\fonts\pk\ljfour\jknappen\
ec\dpi600\ecsx2488.pk> <C:\Users\Jacob\AppData\Local\MiKTeX\2.9\fonts\pk\ljfour
\jknappen\ec\dpi600\ecrm0600.pk> <C:\Users\Jacob\AppData\Local\MiKTeX\2.9\fonts
\pk\ljfour\jknappen\ec\dpi600\ecbx1200.pk> <C:\Users\Jacob\AppData\Local\MiKTeX
\2.9\fonts\pk\ljfour\jknappen\ec\dpi600\ecrm0800.pk> <C:\Users\Jacob\AppData\Lo
cal\MiKTeX\2.9\fonts\pk\ljfour\jknappen\ec\dpi600\ecti1200.pk> <C:\Users\Jacob\
AppData\Local\MiKTeX\2.9\fonts\pk\ljfour\jknappen\ec\dpi600\ecsx1440.pk> <C:\Us
ers\Jacob\AppData\Local\MiKTeX\2.9\fonts\pk\ljfour\jknappen\ec\dpi600\ecrm1200.
pk> <C:\Users\Jacob\AppData\Local\MiKTeX\2.9\fonts\pk\ljfour\jknappen\ec\dpi600
\ecsx1200.pk> <C:\Users\Jacob\AppData\Local\MiKTeX\2.9\fonts\pk\ljfour\jknappen
\ec\dpi600\ecsx2074.pk> <C:\Users\Jacob\AppData\Local\MiKTeX\2.9\fonts\pk\ljfou
r\jknappen\ec\dpi600\ecrm1095.pk> <C:\Users\Jacob\AppData\Local\MiKTeX\2.9\font
s\pk\ljfour\jknappen\ec\dpi600\ecbx1095.pk> <C:\Users\Jacob\AppData\Local\MiKTe
X\2.9\fonts\pk\ljfour\jknappen\ec\dpi600\ecsx1728.pk> <C:\Users\Jacob\AppData\L
ocal\MiKTeX\2.9\fonts\pk\ljfour\jknappen\ec\dpi600\ecrm1440.pk> <C:\Users\Jacob
\AppData\Local\MiKTeX\2.9\fonts\pk\ljfour\jknappen\ec\dpi600\ecss1440.pk> <C:\U
sers\Jacob\AppData\Local\MiKTeX\2.9\fonts\pk\ljfour\jknappen\ec\dpi600\ecss1728
.pk><C:/Program Files/MiKTeX 2.9/fonts/type1/public/amsfonts/cm/cmex10.pfb><C:/
Program Files/MiKTeX 2.9/fonts/type1/public/amsfonts/cm/cmmi10.pfb><C:/Program 
Files/MiKTeX 2.9/fonts/type1/public/amsfonts/cm/cmmi12.pfb><C:/Program Files/Mi
KTeX 2.9/fonts/type1/public/amsfonts/cm/cmmi6.pfb><C:/Program Files/MiKTeX 2.9/
fonts/type1/public/amsfonts/cm/cmmi8.pfb><C:/Program Files/MiKTeX 2.9/fonts/typ
e1/public/amsfonts/cm/cmr10.pfb><C:/Program Files/MiKTeX 2.9/fonts/type1/public
/amsfonts/cm/cmr12.pfb><C:/Program Files/MiKTeX 2.9/fonts/type1/public/amsfonts
/cm/cmr6.pfb><C:/Program Files/MiKTeX 2.9/fonts/type1/public/amsfonts/cm/cmr8.p
fb><C:/Program Files/MiKTeX 2.9/fonts/type1/public/amsfonts/cm/cmss12.pfb><C:/P
rogram Files/MiKTeX 2.9/fonts/type1/public/amsfonts/cm/cmss17.pfb><C:/Program F
iles/MiKTeX 2.9/fonts/type1/public/amsfonts/cm/cmsy10.pfb><C:/Program Files/MiK
TeX 2.9/fonts/type1/public/amsfonts/cm/cmsy6.pfb><C:/Program Files/MiKTeX 2.9/f
onts/type1/public/amsfonts/cm/cmsy8.pfb><C:/Program Files/MiKTeX 2.9/fonts/type
1/public/amsfonts/symbols/msam10.pfb>
Output written on MA.pdf (86 pages, 32190287 bytes).
PDF statistics:
 2854 PDF objects out of 2984 (max. 8388607)
 309 named destinations out of 1000 (max. 500000)
 750 words of extra memory for PDF output out of 10000 (max. 10000000)

